{"/home/ury/bootcamp/collab/skylab-bootcamp-201901/staff/oriol-escolar/home-swapp/home-swapp-api/src/logic/index.spec.js":{"path":"/home/ury/bootcamp/collab/skylab-bootcamp-201901/staff/oriol-escolar/home-swapp/home-swapp-api/src/logic/index.spec.js","statementMap":{"0":{"start":{"line":3,"column":0},"end":{"line":3,"column":26}},"1":{"start":{"line":5,"column":0},"end":{"line":5,"column":27}},"2":{"start":{"line":7,"column":34},"end":{"line":7,"column":59}},"3":{"start":{"line":8,"column":15},"end":{"line":8,"column":32}},"4":{"start":{"line":9,"column":14},"end":{"line":9,"column":26}},"5":{"start":{"line":10,"column":15},"end":{"line":10,"column":32}},"6":{"start":{"line":12,"column":33},"end":{"line":12,"column":40}},"7":{"start":{"line":15,"column":0},"end":{"line":1307,"column":2}},"8":{"start":{"line":16,"column":4},"end":{"line":16,"column":74}},"9":{"start":{"line":16,"column":17},"end":{"line":16,"column":73}},"10":{"start":{"line":18,"column":4},"end":{"line":23,"column":5}},"11":{"start":{"line":19,"column":8},"end":{"line":22,"column":10}},"12":{"start":{"line":25,"column":4},"end":{"line":298,"column":6}},"13":{"start":{"line":26,"column":25},"end":{"line":26,"column":32}},"14":{"start":{"line":27,"column":22},"end":{"line":27,"column":61}},"15":{"start":{"line":28,"column":25},"end":{"line":28,"column":47}},"16":{"start":{"line":29,"column":32},"end":{"line":29,"column":40}},"17":{"start":{"line":31,"column":8},"end":{"line":45,"column":10}},"18":{"start":{"line":32,"column":23},"end":{"line":32,"column":91}},"19":{"start":{"line":34,"column":12},"end":{"line":34,"column":36}},"20":{"start":{"line":35,"column":12},"end":{"line":35,"column":44}},"21":{"start":{"line":37,"column":25},"end":{"line":37,"column":54}},"22":{"start":{"line":39,"column":12},"end":{"line":39,"column":48}},"23":{"start":{"line":40,"column":12},"end":{"line":40,"column":42}},"24":{"start":{"line":42,"column":26},"end":{"line":42,"column":71}},"25":{"start":{"line":44,"column":12},"end":{"line":44,"column":38}},"26":{"start":{"line":48,"column":8},"end":{"line":56,"column":10}},"27":{"start":{"line":49,"column":29},"end":{"line":49,"column":38}},"28":{"start":{"line":50,"column":26},"end":{"line":50,"column":48}},"29":{"start":{"line":51,"column":29},"end":{"line":51,"column":51}},"30":{"start":{"line":53,"column":12},"end":{"line":55,"column":64}},"31":{"start":{"line":54,"column":16},"end":{"line":54,"column":71}},"32":{"start":{"line":58,"column":8},"end":{"line":66,"column":10}},"33":{"start":{"line":59,"column":29},"end":{"line":59,"column":31}},"34":{"start":{"line":60,"column":26},"end":{"line":60,"column":48}},"35":{"start":{"line":61,"column":29},"end":{"line":61,"column":51}},"36":{"start":{"line":63,"column":12},"end":{"line":65,"column":64}},"37":{"start":{"line":64,"column":16},"end":{"line":64,"column":71}},"38":{"start":{"line":69,"column":8},"end":{"line":77,"column":10}},"39":{"start":{"line":70,"column":29},"end":{"line":70,"column":34}},"40":{"start":{"line":71,"column":26},"end":{"line":71,"column":48}},"41":{"start":{"line":72,"column":29},"end":{"line":72,"column":51}},"42":{"start":{"line":74,"column":12},"end":{"line":76,"column":64}},"43":{"start":{"line":75,"column":16},"end":{"line":75,"column":71}},"44":{"start":{"line":79,"column":8},"end":{"line":87,"column":10}},"45":{"start":{"line":80,"column":29},"end":{"line":80,"column":31}},"46":{"start":{"line":81,"column":26},"end":{"line":81,"column":48}},"47":{"start":{"line":82,"column":29},"end":{"line":82,"column":51}},"48":{"start":{"line":84,"column":12},"end":{"line":86,"column":64}},"49":{"start":{"line":85,"column":16},"end":{"line":85,"column":71}},"50":{"start":{"line":89,"column":8},"end":{"line":97,"column":10}},"51":{"start":{"line":90,"column":29},"end":{"line":90,"column":31}},"52":{"start":{"line":91,"column":26},"end":{"line":91,"column":48}},"53":{"start":{"line":92,"column":29},"end":{"line":92,"column":51}},"54":{"start":{"line":94,"column":12},"end":{"line":96,"column":64}},"55":{"start":{"line":95,"column":16},"end":{"line":95,"column":71}},"56":{"start":{"line":99,"column":8},"end":{"line":107,"column":10}},"57":{"start":{"line":100,"column":29},"end":{"line":100,"column":31}},"58":{"start":{"line":101,"column":26},"end":{"line":101,"column":48}},"59":{"start":{"line":102,"column":29},"end":{"line":102,"column":51}},"60":{"start":{"line":104,"column":12},"end":{"line":106,"column":57}},"61":{"start":{"line":105,"column":16},"end":{"line":105,"column":71}},"62":{"start":{"line":109,"column":8},"end":{"line":117,"column":10}},"63":{"start":{"line":110,"column":29},"end":{"line":110,"column":35}},"64":{"start":{"line":111,"column":26},"end":{"line":111,"column":28}},"65":{"start":{"line":112,"column":29},"end":{"line":112,"column":51}},"66":{"start":{"line":114,"column":12},"end":{"line":116,"column":61}},"67":{"start":{"line":115,"column":16},"end":{"line":115,"column":71}},"68":{"start":{"line":118,"column":8},"end":{"line":126,"column":10}},"69":{"start":{"line":119,"column":29},"end":{"line":119,"column":35}},"70":{"start":{"line":120,"column":26},"end":{"line":120,"column":27}},"71":{"start":{"line":121,"column":29},"end":{"line":121,"column":51}},"72":{"start":{"line":123,"column":12},"end":{"line":125,"column":61}},"73":{"start":{"line":124,"column":16},"end":{"line":124,"column":71}},"74":{"start":{"line":128,"column":8},"end":{"line":136,"column":10}},"75":{"start":{"line":129,"column":29},"end":{"line":129,"column":35}},"76":{"start":{"line":130,"column":26},"end":{"line":130,"column":30}},"77":{"start":{"line":131,"column":29},"end":{"line":131,"column":51}},"78":{"start":{"line":133,"column":12},"end":{"line":135,"column":61}},"79":{"start":{"line":134,"column":16},"end":{"line":134,"column":71}},"80":{"start":{"line":138,"column":8},"end":{"line":146,"column":10}},"81":{"start":{"line":139,"column":29},"end":{"line":139,"column":35}},"82":{"start":{"line":140,"column":26},"end":{"line":140,"column":28}},"83":{"start":{"line":141,"column":29},"end":{"line":141,"column":51}},"84":{"start":{"line":143,"column":12},"end":{"line":145,"column":61}},"85":{"start":{"line":144,"column":16},"end":{"line":144,"column":71}},"86":{"start":{"line":148,"column":8},"end":{"line":156,"column":10}},"87":{"start":{"line":149,"column":29},"end":{"line":149,"column":35}},"88":{"start":{"line":150,"column":26},"end":{"line":150,"column":35}},"89":{"start":{"line":151,"column":29},"end":{"line":151,"column":51}},"90":{"start":{"line":153,"column":12},"end":{"line":155,"column":61}},"91":{"start":{"line":154,"column":16},"end":{"line":154,"column":71}},"92":{"start":{"line":158,"column":8},"end":{"line":166,"column":10}},"93":{"start":{"line":159,"column":29},"end":{"line":159,"column":37}},"94":{"start":{"line":160,"column":26},"end":{"line":160,"column":28}},"95":{"start":{"line":161,"column":29},"end":{"line":161,"column":51}},"96":{"start":{"line":163,"column":12},"end":{"line":165,"column":54}},"97":{"start":{"line":164,"column":16},"end":{"line":164,"column":71}},"98":{"start":{"line":168,"column":8},"end":{"line":176,"column":10}},"99":{"start":{"line":169,"column":29},"end":{"line":169,"column":35}},"100":{"start":{"line":170,"column":26},"end":{"line":170,"column":48}},"101":{"start":{"line":171,"column":29},"end":{"line":171,"column":38}},"102":{"start":{"line":173,"column":12},"end":{"line":175,"column":64}},"103":{"start":{"line":174,"column":16},"end":{"line":174,"column":71}},"104":{"start":{"line":178,"column":8},"end":{"line":186,"column":10}},"105":{"start":{"line":179,"column":29},"end":{"line":179,"column":35}},"106":{"start":{"line":180,"column":26},"end":{"line":180,"column":48}},"107":{"start":{"line":181,"column":29},"end":{"line":181,"column":30}},"108":{"start":{"line":183,"column":12},"end":{"line":185,"column":64}},"109":{"start":{"line":184,"column":16},"end":{"line":184,"column":71}},"110":{"start":{"line":188,"column":8},"end":{"line":196,"column":10}},"111":{"start":{"line":189,"column":29},"end":{"line":189,"column":35}},"112":{"start":{"line":190,"column":26},"end":{"line":190,"column":48}},"113":{"start":{"line":191,"column":29},"end":{"line":191,"column":33}},"114":{"start":{"line":193,"column":12},"end":{"line":195,"column":64}},"115":{"start":{"line":194,"column":16},"end":{"line":194,"column":71}},"116":{"start":{"line":198,"column":8},"end":{"line":206,"column":10}},"117":{"start":{"line":199,"column":29},"end":{"line":199,"column":35}},"118":{"start":{"line":200,"column":26},"end":{"line":200,"column":48}},"119":{"start":{"line":201,"column":29},"end":{"line":201,"column":31}},"120":{"start":{"line":203,"column":12},"end":{"line":205,"column":64}},"121":{"start":{"line":204,"column":16},"end":{"line":204,"column":71}},"122":{"start":{"line":208,"column":8},"end":{"line":216,"column":10}},"123":{"start":{"line":209,"column":29},"end":{"line":209,"column":35}},"124":{"start":{"line":210,"column":26},"end":{"line":210,"column":48}},"125":{"start":{"line":211,"column":29},"end":{"line":211,"column":31}},"126":{"start":{"line":213,"column":12},"end":{"line":215,"column":64}},"127":{"start":{"line":214,"column":16},"end":{"line":214,"column":71}},"128":{"start":{"line":218,"column":8},"end":{"line":226,"column":10}},"129":{"start":{"line":219,"column":29},"end":{"line":219,"column":37}},"130":{"start":{"line":220,"column":26},"end":{"line":220,"column":48}},"131":{"start":{"line":221,"column":29},"end":{"line":221,"column":31}},"132":{"start":{"line":223,"column":12},"end":{"line":225,"column":57}},"133":{"start":{"line":224,"column":16},"end":{"line":224,"column":71}},"134":{"start":{"line":228,"column":8},"end":{"line":236,"column":10}},"135":{"start":{"line":229,"column":29},"end":{"line":229,"column":35}},"136":{"start":{"line":230,"column":26},"end":{"line":230,"column":48}},"137":{"start":{"line":231,"column":29},"end":{"line":231,"column":51}},"138":{"start":{"line":233,"column":12},"end":{"line":235,"column":58}},"139":{"start":{"line":234,"column":16},"end":{"line":234,"column":65}},"140":{"start":{"line":238,"column":8},"end":{"line":246,"column":10}},"141":{"start":{"line":239,"column":29},"end":{"line":239,"column":35}},"142":{"start":{"line":240,"column":26},"end":{"line":240,"column":48}},"143":{"start":{"line":241,"column":29},"end":{"line":241,"column":51}},"144":{"start":{"line":243,"column":12},"end":{"line":245,"column":58}},"145":{"start":{"line":244,"column":16},"end":{"line":244,"column":65}},"146":{"start":{"line":248,"column":8},"end":{"line":256,"column":10}},"147":{"start":{"line":249,"column":29},"end":{"line":249,"column":35}},"148":{"start":{"line":250,"column":26},"end":{"line":250,"column":48}},"149":{"start":{"line":251,"column":29},"end":{"line":251,"column":51}},"150":{"start":{"line":253,"column":12},"end":{"line":255,"column":57}},"151":{"start":{"line":254,"column":16},"end":{"line":254,"column":64}},"152":{"start":{"line":258,"column":8},"end":{"line":266,"column":10}},"153":{"start":{"line":259,"column":29},"end":{"line":259,"column":35}},"154":{"start":{"line":260,"column":26},"end":{"line":260,"column":48}},"155":{"start":{"line":261,"column":29},"end":{"line":261,"column":51}},"156":{"start":{"line":263,"column":12},"end":{"line":265,"column":60}},"157":{"start":{"line":264,"column":16},"end":{"line":264,"column":67}},"158":{"start":{"line":268,"column":8},"end":{"line":276,"column":10}},"159":{"start":{"line":269,"column":29},"end":{"line":269,"column":35}},"160":{"start":{"line":270,"column":26},"end":{"line":270,"column":48}},"161":{"start":{"line":271,"column":29},"end":{"line":271,"column":51}},"162":{"start":{"line":273,"column":12},"end":{"line":275,"column":65}},"163":{"start":{"line":274,"column":16},"end":{"line":274,"column":72}},"164":{"start":{"line":278,"column":8},"end":{"line":286,"column":10}},"165":{"start":{"line":279,"column":29},"end":{"line":279,"column":37}},"166":{"start":{"line":280,"column":26},"end":{"line":280,"column":48}},"167":{"start":{"line":281,"column":29},"end":{"line":281,"column":51}},"168":{"start":{"line":283,"column":12},"end":{"line":285,"column":70}},"169":{"start":{"line":284,"column":16},"end":{"line":284,"column":65}},"170":{"start":{"line":288,"column":8},"end":{"line":296,"column":10}},"171":{"start":{"line":289,"column":29},"end":{"line":289,"column":37}},"172":{"start":{"line":290,"column":26},"end":{"line":290,"column":48}},"173":{"start":{"line":291,"column":29},"end":{"line":291,"column":51}},"174":{"start":{"line":293,"column":12},"end":{"line":295,"column":55}},"175":{"start":{"line":294,"column":16},"end":{"line":294,"column":70}},"176":{"start":{"line":302,"column":4},"end":{"line":418,"column":6}},"177":{"start":{"line":303,"column":25},"end":{"line":303,"column":32}},"178":{"start":{"line":304,"column":22},"end":{"line":304,"column":61}},"179":{"start":{"line":305,"column":25},"end":{"line":305,"column":47}},"180":{"start":{"line":307,"column":8},"end":{"line":310,"column":9}},"181":{"start":{"line":308,"column":12},"end":{"line":309,"column":79}},"182":{"start":{"line":309,"column":30},"end":{"line":309,"column":78}},"183":{"start":{"line":312,"column":8},"end":{"line":315,"column":9}},"184":{"start":{"line":313,"column":12},"end":{"line":314,"column":53}},"185":{"start":{"line":314,"column":28},"end":{"line":314,"column":52}},"186":{"start":{"line":317,"column":8},"end":{"line":324,"column":10}},"187":{"start":{"line":318,"column":26},"end":{"line":318,"column":28}},"188":{"start":{"line":319,"column":29},"end":{"line":319,"column":51}},"189":{"start":{"line":321,"column":12},"end":{"line":323,"column":54}},"190":{"start":{"line":322,"column":16},"end":{"line":322,"column":55}},"191":{"start":{"line":326,"column":8},"end":{"line":333,"column":10}},"192":{"start":{"line":327,"column":26},"end":{"line":327,"column":27}},"193":{"start":{"line":328,"column":29},"end":{"line":328,"column":51}},"194":{"start":{"line":330,"column":12},"end":{"line":332,"column":57}},"195":{"start":{"line":331,"column":16},"end":{"line":331,"column":55}},"196":{"start":{"line":335,"column":8},"end":{"line":342,"column":10}},"197":{"start":{"line":336,"column":26},"end":{"line":336,"column":28}},"198":{"start":{"line":337,"column":29},"end":{"line":337,"column":51}},"199":{"start":{"line":339,"column":12},"end":{"line":341,"column":57}},"200":{"start":{"line":340,"column":16},"end":{"line":340,"column":55}},"201":{"start":{"line":344,"column":8},"end":{"line":351,"column":10}},"202":{"start":{"line":345,"column":26},"end":{"line":345,"column":35}},"203":{"start":{"line":346,"column":29},"end":{"line":346,"column":51}},"204":{"start":{"line":348,"column":12},"end":{"line":350,"column":57}},"205":{"start":{"line":349,"column":16},"end":{"line":349,"column":55}},"206":{"start":{"line":352,"column":8},"end":{"line":359,"column":10}},"207":{"start":{"line":353,"column":26},"end":{"line":353,"column":28}},"208":{"start":{"line":354,"column":29},"end":{"line":354,"column":51}},"209":{"start":{"line":356,"column":12},"end":{"line":358,"column":57}},"210":{"start":{"line":357,"column":16},"end":{"line":357,"column":55}},"211":{"start":{"line":360,"column":8},"end":{"line":367,"column":10}},"212":{"start":{"line":361,"column":26},"end":{"line":361,"column":30}},"213":{"start":{"line":362,"column":29},"end":{"line":362,"column":51}},"214":{"start":{"line":364,"column":12},"end":{"line":366,"column":57}},"215":{"start":{"line":365,"column":16},"end":{"line":365,"column":55}},"216":{"start":{"line":369,"column":8},"end":{"line":375,"column":10}},"217":{"start":{"line":370,"column":29},"end":{"line":370,"column":31}},"218":{"start":{"line":372,"column":12},"end":{"line":374,"column":57}},"219":{"start":{"line":373,"column":16},"end":{"line":373,"column":55}},"220":{"start":{"line":377,"column":8},"end":{"line":384,"column":10}},"221":{"start":{"line":379,"column":29},"end":{"line":379,"column":32}},"222":{"start":{"line":381,"column":12},"end":{"line":383,"column":60}},"223":{"start":{"line":382,"column":16},"end":{"line":382,"column":55}},"224":{"start":{"line":386,"column":8},"end":{"line":393,"column":10}},"225":{"start":{"line":388,"column":29},"end":{"line":388,"column":31}},"226":{"start":{"line":390,"column":12},"end":{"line":392,"column":60}},"227":{"start":{"line":391,"column":16},"end":{"line":391,"column":55}},"228":{"start":{"line":395,"column":8},"end":{"line":402,"column":10}},"229":{"start":{"line":397,"column":29},"end":{"line":397,"column":38}},"230":{"start":{"line":399,"column":12},"end":{"line":401,"column":60}},"231":{"start":{"line":400,"column":16},"end":{"line":400,"column":55}},"232":{"start":{"line":403,"column":8},"end":{"line":410,"column":10}},"233":{"start":{"line":405,"column":29},"end":{"line":405,"column":31}},"234":{"start":{"line":407,"column":12},"end":{"line":409,"column":60}},"235":{"start":{"line":408,"column":16},"end":{"line":408,"column":55}},"236":{"start":{"line":411,"column":8},"end":{"line":417,"column":10}},"237":{"start":{"line":413,"column":29},"end":{"line":413,"column":33}},"238":{"start":{"line":414,"column":12},"end":{"line":416,"column":60}},"239":{"start":{"line":415,"column":16},"end":{"line":415,"column":55}},"240":{"start":{"line":420,"column":4},"end":{"line":487,"column":6}},"241":{"start":{"line":421,"column":25},"end":{"line":421,"column":32}},"242":{"start":{"line":422,"column":22},"end":{"line":422,"column":61}},"243":{"start":{"line":423,"column":25},"end":{"line":423,"column":47}},"244":{"start":{"line":427,"column":8},"end":{"line":431,"column":9}},"245":{"start":{"line":428,"column":12},"end":{"line":430,"column":46}},"246":{"start":{"line":429,"column":30},"end":{"line":429,"column":78}},"247":{"start":{"line":430,"column":34},"end":{"line":430,"column":45}},"248":{"start":{"line":433,"column":8},"end":{"line":444,"column":9}},"249":{"start":{"line":434,"column":12},"end":{"line":441,"column":18}},"250":{"start":{"line":436,"column":20},"end":{"line":436,"column":48}},"251":{"start":{"line":437,"column":20},"end":{"line":437,"column":56}},"252":{"start":{"line":438,"column":20},"end":{"line":438,"column":50}},"253":{"start":{"line":440,"column":20},"end":{"line":440,"column":53}},"254":{"start":{"line":446,"column":8},"end":{"line":451,"column":10}},"255":{"start":{"line":448,"column":12},"end":{"line":450,"column":56}},"256":{"start":{"line":449,"column":16},"end":{"line":449,"column":40}},"257":{"start":{"line":453,"column":8},"end":{"line":458,"column":10}},"258":{"start":{"line":455,"column":12},"end":{"line":457,"column":54}},"259":{"start":{"line":456,"column":16},"end":{"line":456,"column":38}},"260":{"start":{"line":460,"column":8},"end":{"line":465,"column":10}},"261":{"start":{"line":462,"column":12},"end":{"line":464,"column":61}},"262":{"start":{"line":463,"column":16},"end":{"line":463,"column":45}},"263":{"start":{"line":467,"column":8},"end":{"line":472,"column":10}},"264":{"start":{"line":469,"column":12},"end":{"line":471,"column":54}},"265":{"start":{"line":470,"column":16},"end":{"line":470,"column":38}},"266":{"start":{"line":474,"column":8},"end":{"line":479,"column":10}},"267":{"start":{"line":476,"column":12},"end":{"line":478,"column":53}},"268":{"start":{"line":477,"column":16},"end":{"line":477,"column":37}},"269":{"start":{"line":481,"column":8},"end":{"line":486,"column":10}},"270":{"start":{"line":483,"column":12},"end":{"line":485,"column":55}},"271":{"start":{"line":484,"column":16},"end":{"line":484,"column":38}},"272":{"start":{"line":490,"column":4},"end":{"line":577,"column":6}},"273":{"start":{"line":491,"column":25},"end":{"line":491,"column":32}},"274":{"start":{"line":492,"column":22},"end":{"line":492,"column":61}},"275":{"start":{"line":493,"column":25},"end":{"line":493,"column":47}},"276":{"start":{"line":494,"column":23},"end":{"line":494,"column":107}},"277":{"start":{"line":496,"column":8},"end":{"line":502,"column":9}},"278":{"start":{"line":503,"column":28},"end":{"line":503,"column":69}},"279":{"start":{"line":505,"column":21},"end":{"line":510,"column":9}},"280":{"start":{"line":515,"column":8},"end":{"line":519,"column":9}},"281":{"start":{"line":516,"column":12},"end":{"line":518,"column":46}},"282":{"start":{"line":517,"column":30},"end":{"line":517,"column":78}},"283":{"start":{"line":518,"column":34},"end":{"line":518,"column":45}},"284":{"start":{"line":521,"column":8},"end":{"line":538,"column":9}},"285":{"start":{"line":522,"column":12},"end":{"line":535,"column":18}},"286":{"start":{"line":525,"column":20},"end":{"line":525,"column":39}},"287":{"start":{"line":526,"column":20},"end":{"line":526,"column":51}},"288":{"start":{"line":528,"column":20},"end":{"line":533,"column":26}},"289":{"start":{"line":530,"column":28},"end":{"line":530,"column":98}},"290":{"start":{"line":540,"column":8},"end":{"line":545,"column":10}},"291":{"start":{"line":542,"column":12},"end":{"line":544,"column":63}},"292":{"start":{"line":543,"column":16},"end":{"line":543,"column":79}},"293":{"start":{"line":546,"column":8},"end":{"line":551,"column":10}},"294":{"start":{"line":548,"column":12},"end":{"line":550,"column":61}},"295":{"start":{"line":549,"column":16},"end":{"line":549,"column":79}},"296":{"start":{"line":552,"column":8},"end":{"line":557,"column":10}},"297":{"start":{"line":554,"column":12},"end":{"line":556,"column":65}},"298":{"start":{"line":555,"column":16},"end":{"line":555,"column":72}},"299":{"start":{"line":558,"column":8},"end":{"line":563,"column":10}},"300":{"start":{"line":560,"column":12},"end":{"line":562,"column":61}},"301":{"start":{"line":561,"column":16},"end":{"line":561,"column":74}},"302":{"start":{"line":564,"column":8},"end":{"line":569,"column":10}},"303":{"start":{"line":566,"column":12},"end":{"line":568,"column":62}},"304":{"start":{"line":567,"column":16},"end":{"line":567,"column":81}},"305":{"start":{"line":570,"column":8},"end":{"line":575,"column":10}},"306":{"start":{"line":572,"column":12},"end":{"line":574,"column":62}},"307":{"start":{"line":573,"column":16},"end":{"line":573,"column":79}},"308":{"start":{"line":581,"column":4},"end":{"line":673,"column":6}},"309":{"start":{"line":582,"column":25},"end":{"line":582,"column":32}},"310":{"start":{"line":583,"column":22},"end":{"line":583,"column":61}},"311":{"start":{"line":584,"column":25},"end":{"line":584,"column":47}},"312":{"start":{"line":585,"column":23},"end":{"line":585,"column":107}},"313":{"start":{"line":587,"column":8},"end":{"line":593,"column":9}},"314":{"start":{"line":594,"column":28},"end":{"line":594,"column":69}},"315":{"start":{"line":596,"column":21},"end":{"line":601,"column":9}},"316":{"start":{"line":606,"column":8},"end":{"line":612,"column":9}},"317":{"start":{"line":607,"column":12},"end":{"line":611,"column":62}},"318":{"start":{"line":608,"column":30},"end":{"line":608,"column":78}},"319":{"start":{"line":609,"column":34},"end":{"line":609,"column":45}},"320":{"start":{"line":610,"column":30},"end":{"line":610,"column":97}},"321":{"start":{"line":611,"column":31},"end":{"line":611,"column":61}},"322":{"start":{"line":614,"column":8},"end":{"line":634,"column":9}},"323":{"start":{"line":615,"column":12},"end":{"line":631,"column":18}},"324":{"start":{"line":618,"column":20},"end":{"line":618,"column":50}},"325":{"start":{"line":619,"column":20},"end":{"line":619,"column":75}},"326":{"start":{"line":620,"column":20},"end":{"line":620,"column":80}},"327":{"start":{"line":621,"column":20},"end":{"line":621,"column":81}},"328":{"start":{"line":622,"column":20},"end":{"line":622,"column":85}},"329":{"start":{"line":624,"column":20},"end":{"line":629,"column":26}},"330":{"start":{"line":626,"column":28},"end":{"line":626,"column":98}},"331":{"start":{"line":636,"column":8},"end":{"line":641,"column":10}},"332":{"start":{"line":638,"column":12},"end":{"line":640,"column":63}},"333":{"start":{"line":639,"column":16},"end":{"line":639,"column":79}},"334":{"start":{"line":642,"column":8},"end":{"line":647,"column":10}},"335":{"start":{"line":644,"column":12},"end":{"line":646,"column":61}},"336":{"start":{"line":645,"column":16},"end":{"line":645,"column":80}},"337":{"start":{"line":648,"column":8},"end":{"line":653,"column":10}},"338":{"start":{"line":650,"column":12},"end":{"line":652,"column":65}},"339":{"start":{"line":651,"column":16},"end":{"line":651,"column":73}},"340":{"start":{"line":654,"column":8},"end":{"line":659,"column":10}},"341":{"start":{"line":656,"column":12},"end":{"line":658,"column":61}},"342":{"start":{"line":657,"column":16},"end":{"line":657,"column":75}},"343":{"start":{"line":660,"column":8},"end":{"line":665,"column":10}},"344":{"start":{"line":662,"column":12},"end":{"line":664,"column":62}},"345":{"start":{"line":663,"column":16},"end":{"line":663,"column":82}},"346":{"start":{"line":666,"column":8},"end":{"line":671,"column":10}},"347":{"start":{"line":668,"column":12},"end":{"line":670,"column":62}},"348":{"start":{"line":669,"column":16},"end":{"line":669,"column":80}},"349":{"start":{"line":677,"column":4},"end":{"line":768,"column":6}},"350":{"start":{"line":678,"column":25},"end":{"line":678,"column":32}},"351":{"start":{"line":679,"column":22},"end":{"line":679,"column":61}},"352":{"start":{"line":680,"column":25},"end":{"line":680,"column":47}},"353":{"start":{"line":681,"column":23},"end":{"line":681,"column":107}},"354":{"start":{"line":683,"column":8},"end":{"line":689,"column":9}},"355":{"start":{"line":690,"column":28},"end":{"line":690,"column":69}},"356":{"start":{"line":692,"column":21},"end":{"line":697,"column":9}},"357":{"start":{"line":702,"column":8},"end":{"line":708,"column":9}},"358":{"start":{"line":703,"column":12},"end":{"line":707,"column":61}},"359":{"start":{"line":704,"column":30},"end":{"line":704,"column":78}},"360":{"start":{"line":705,"column":34},"end":{"line":705,"column":45}},"361":{"start":{"line":706,"column":30},"end":{"line":706,"column":97}},"362":{"start":{"line":707,"column":31},"end":{"line":707,"column":60}},"363":{"start":{"line":710,"column":8},"end":{"line":730,"column":9}},"364":{"start":{"line":711,"column":12},"end":{"line":727,"column":18}},"365":{"start":{"line":714,"column":20},"end":{"line":714,"column":50}},"366":{"start":{"line":715,"column":20},"end":{"line":715,"column":75}},"367":{"start":{"line":716,"column":20},"end":{"line":716,"column":74}},"368":{"start":{"line":717,"column":20},"end":{"line":717,"column":81}},"369":{"start":{"line":718,"column":20},"end":{"line":718,"column":85}},"370":{"start":{"line":720,"column":20},"end":{"line":725,"column":26}},"371":{"start":{"line":722,"column":28},"end":{"line":722,"column":98}},"372":{"start":{"line":732,"column":8},"end":{"line":737,"column":10}},"373":{"start":{"line":734,"column":12},"end":{"line":736,"column":63}},"374":{"start":{"line":735,"column":16},"end":{"line":735,"column":46}},"375":{"start":{"line":738,"column":8},"end":{"line":743,"column":10}},"376":{"start":{"line":740,"column":12},"end":{"line":742,"column":58}},"377":{"start":{"line":741,"column":16},"end":{"line":741,"column":41}},"378":{"start":{"line":744,"column":8},"end":{"line":749,"column":10}},"379":{"start":{"line":746,"column":12},"end":{"line":748,"column":55}},"380":{"start":{"line":747,"column":16},"end":{"line":747,"column":38}},"381":{"start":{"line":750,"column":8},"end":{"line":755,"column":10}},"382":{"start":{"line":752,"column":12},"end":{"line":754,"column":58}},"383":{"start":{"line":753,"column":16},"end":{"line":753,"column":41}},"384":{"start":{"line":756,"column":8},"end":{"line":761,"column":10}},"385":{"start":{"line":758,"column":12},"end":{"line":760,"column":56}},"386":{"start":{"line":759,"column":16},"end":{"line":759,"column":39}},"387":{"start":{"line":762,"column":8},"end":{"line":767,"column":10}},"388":{"start":{"line":764,"column":12},"end":{"line":766,"column":56}},"389":{"start":{"line":765,"column":16},"end":{"line":765,"column":39}},"390":{"start":{"line":771,"column":4},"end":{"line":889,"column":6}},"391":{"start":{"line":772,"column":25},"end":{"line":772,"column":32}},"392":{"start":{"line":773,"column":22},"end":{"line":773,"column":61}},"393":{"start":{"line":774,"column":25},"end":{"line":774,"column":47}},"394":{"start":{"line":775,"column":23},"end":{"line":775,"column":107}},"395":{"start":{"line":777,"column":8},"end":{"line":783,"column":9}},"396":{"start":{"line":784,"column":28},"end":{"line":784,"column":69}},"397":{"start":{"line":786,"column":21},"end":{"line":791,"column":9}},"398":{"start":{"line":796,"column":8},"end":{"line":802,"column":9}},"399":{"start":{"line":797,"column":12},"end":{"line":801,"column":62}},"400":{"start":{"line":798,"column":30},"end":{"line":798,"column":78}},"401":{"start":{"line":799,"column":34},"end":{"line":799,"column":45}},"402":{"start":{"line":800,"column":30},"end":{"line":800,"column":97}},"403":{"start":{"line":801,"column":31},"end":{"line":801,"column":61}},"404":{"start":{"line":804,"column":8},"end":{"line":811,"column":9}},"405":{"start":{"line":805,"column":12},"end":{"line":810,"column":18}},"406":{"start":{"line":808,"column":20},"end":{"line":808,"column":56}},"407":{"start":{"line":813,"column":8},"end":{"line":818,"column":10}},"408":{"start":{"line":815,"column":12},"end":{"line":817,"column":63}},"409":{"start":{"line":816,"column":16},"end":{"line":816,"column":52}},"410":{"start":{"line":819,"column":8},"end":{"line":824,"column":10}},"411":{"start":{"line":821,"column":12},"end":{"line":823,"column":58}},"412":{"start":{"line":822,"column":16},"end":{"line":822,"column":47}},"413":{"start":{"line":825,"column":8},"end":{"line":830,"column":10}},"414":{"start":{"line":827,"column":12},"end":{"line":829,"column":55}},"415":{"start":{"line":828,"column":16},"end":{"line":828,"column":44}},"416":{"start":{"line":831,"column":8},"end":{"line":836,"column":10}},"417":{"start":{"line":833,"column":12},"end":{"line":835,"column":58}},"418":{"start":{"line":834,"column":16},"end":{"line":834,"column":47}},"419":{"start":{"line":837,"column":8},"end":{"line":842,"column":10}},"420":{"start":{"line":839,"column":12},"end":{"line":841,"column":56}},"421":{"start":{"line":840,"column":16},"end":{"line":840,"column":45}},"422":{"start":{"line":843,"column":8},"end":{"line":848,"column":10}},"423":{"start":{"line":845,"column":12},"end":{"line":847,"column":56}},"424":{"start":{"line":846,"column":16},"end":{"line":846,"column":45}},"425":{"start":{"line":852,"column":8},"end":{"line":857,"column":10}},"426":{"start":{"line":854,"column":12},"end":{"line":856,"column":63}},"427":{"start":{"line":855,"column":16},"end":{"line":855,"column":53}},"428":{"start":{"line":858,"column":8},"end":{"line":863,"column":10}},"429":{"start":{"line":860,"column":12},"end":{"line":862,"column":58}},"430":{"start":{"line":861,"column":16},"end":{"line":861,"column":48}},"431":{"start":{"line":864,"column":8},"end":{"line":869,"column":10}},"432":{"start":{"line":866,"column":12},"end":{"line":868,"column":55}},"433":{"start":{"line":867,"column":16},"end":{"line":867,"column":45}},"434":{"start":{"line":870,"column":8},"end":{"line":875,"column":10}},"435":{"start":{"line":872,"column":12},"end":{"line":874,"column":58}},"436":{"start":{"line":873,"column":16},"end":{"line":873,"column":48}},"437":{"start":{"line":876,"column":8},"end":{"line":881,"column":10}},"438":{"start":{"line":878,"column":12},"end":{"line":880,"column":56}},"439":{"start":{"line":879,"column":16},"end":{"line":879,"column":46}},"440":{"start":{"line":882,"column":8},"end":{"line":887,"column":10}},"441":{"start":{"line":884,"column":12},"end":{"line":886,"column":56}},"442":{"start":{"line":885,"column":16},"end":{"line":885,"column":46}},"443":{"start":{"line":891,"column":4},"end":{"line":944,"column":6}},"444":{"start":{"line":892,"column":25},"end":{"line":892,"column":32}},"445":{"start":{"line":893,"column":22},"end":{"line":893,"column":61}},"446":{"start":{"line":894,"column":25},"end":{"line":894,"column":47}},"447":{"start":{"line":895,"column":23},"end":{"line":895,"column":107}},"448":{"start":{"line":897,"column":8},"end":{"line":903,"column":9}},"449":{"start":{"line":904,"column":28},"end":{"line":904,"column":69}},"450":{"start":{"line":906,"column":21},"end":{"line":911,"column":9}},"451":{"start":{"line":916,"column":8},"end":{"line":922,"column":9}},"452":{"start":{"line":917,"column":12},"end":{"line":921,"column":62}},"453":{"start":{"line":918,"column":30},"end":{"line":918,"column":78}},"454":{"start":{"line":919,"column":34},"end":{"line":919,"column":45}},"455":{"start":{"line":920,"column":30},"end":{"line":920,"column":97}},"456":{"start":{"line":921,"column":31},"end":{"line":921,"column":61}},"457":{"start":{"line":924,"column":8},"end":{"line":935,"column":9}},"458":{"start":{"line":925,"column":12},"end":{"line":934,"column":18}},"459":{"start":{"line":927,"column":20},"end":{"line":927,"column":89}},"460":{"start":{"line":928,"column":20},"end":{"line":928,"column":67}},"461":{"start":{"line":929,"column":20},"end":{"line":929,"column":85}},"462":{"start":{"line":930,"column":20},"end":{"line":930,"column":89}},"463":{"start":{"line":931,"column":20},"end":{"line":931,"column":90}},"464":{"start":{"line":933,"column":20},"end":{"line":933,"column":49}},"465":{"start":{"line":937,"column":8},"end":{"line":942,"column":9}},"466":{"start":{"line":938,"column":12},"end":{"line":941,"column":18}},"467":{"start":{"line":940,"column":20},"end":{"line":940,"column":45}},"468":{"start":{"line":945,"column":4},"end":{"line":1003,"column":6}},"469":{"start":{"line":946,"column":25},"end":{"line":946,"column":32}},"470":{"start":{"line":947,"column":22},"end":{"line":947,"column":61}},"471":{"start":{"line":948,"column":25},"end":{"line":948,"column":47}},"472":{"start":{"line":949,"column":23},"end":{"line":949,"column":107}},"473":{"start":{"line":951,"column":8},"end":{"line":957,"column":9}},"474":{"start":{"line":958,"column":28},"end":{"line":958,"column":69}},"475":{"start":{"line":960,"column":21},"end":{"line":965,"column":9}},"476":{"start":{"line":970,"column":8},"end":{"line":976,"column":9}},"477":{"start":{"line":971,"column":12},"end":{"line":975,"column":62}},"478":{"start":{"line":972,"column":30},"end":{"line":972,"column":78}},"479":{"start":{"line":973,"column":34},"end":{"line":973,"column":45}},"480":{"start":{"line":974,"column":30},"end":{"line":974,"column":97}},"481":{"start":{"line":975,"column":31},"end":{"line":975,"column":61}},"482":{"start":{"line":978,"column":8},"end":{"line":986,"column":9}},"483":{"start":{"line":979,"column":12},"end":{"line":985,"column":18}},"484":{"start":{"line":981,"column":20},"end":{"line":981,"column":91}},"485":{"start":{"line":984,"column":20},"end":{"line":984,"column":57}},"486":{"start":{"line":989,"column":8},"end":{"line":994,"column":10}},"487":{"start":{"line":991,"column":12},"end":{"line":993,"column":61}},"488":{"start":{"line":992,"column":16},"end":{"line":992,"column":56}},"489":{"start":{"line":996,"column":8},"end":{"line":1001,"column":10}},"490":{"start":{"line":998,"column":12},"end":{"line":1000,"column":61}},"491":{"start":{"line":999,"column":16},"end":{"line":999,"column":57}},"492":{"start":{"line":1006,"column":4},"end":{"line":1074,"column":6}},"493":{"start":{"line":1007,"column":25},"end":{"line":1007,"column":32}},"494":{"start":{"line":1008,"column":22},"end":{"line":1008,"column":61}},"495":{"start":{"line":1009,"column":25},"end":{"line":1009,"column":47}},"496":{"start":{"line":1010,"column":23},"end":{"line":1010,"column":107}},"497":{"start":{"line":1012,"column":8},"end":{"line":1018,"column":9}},"498":{"start":{"line":1019,"column":28},"end":{"line":1019,"column":69}},"499":{"start":{"line":1021,"column":21},"end":{"line":1026,"column":9}},"500":{"start":{"line":1031,"column":8},"end":{"line":1038,"column":9}},"501":{"start":{"line":1032,"column":12},"end":{"line":1037,"column":67}},"502":{"start":{"line":1033,"column":30},"end":{"line":1033,"column":78}},"503":{"start":{"line":1034,"column":34},"end":{"line":1034,"column":45}},"504":{"start":{"line":1035,"column":30},"end":{"line":1035,"column":97}},"505":{"start":{"line":1036,"column":31},"end":{"line":1036,"column":61}},"506":{"start":{"line":1037,"column":28},"end":{"line":1037,"column":66}},"507":{"start":{"line":1040,"column":8},"end":{"line":1051,"column":9}},"508":{"start":{"line":1041,"column":12},"end":{"line":1050,"column":18}},"509":{"start":{"line":1043,"column":20},"end":{"line":1043,"column":89}},"510":{"start":{"line":1044,"column":20},"end":{"line":1044,"column":67}},"511":{"start":{"line":1045,"column":20},"end":{"line":1045,"column":85}},"512":{"start":{"line":1046,"column":20},"end":{"line":1046,"column":89}},"513":{"start":{"line":1047,"column":20},"end":{"line":1047,"column":90}},"514":{"start":{"line":1049,"column":20},"end":{"line":1049,"column":49}},"515":{"start":{"line":1053,"column":8},"end":{"line":1065,"column":9}},"516":{"start":{"line":1054,"column":12},"end":{"line":1064,"column":18}},"517":{"start":{"line":1057,"column":20},"end":{"line":1061,"column":26}},"518":{"start":{"line":1060,"column":28},"end":{"line":1060,"column":57}},"519":{"start":{"line":1067,"column":8},"end":{"line":1072,"column":10}},"520":{"start":{"line":1069,"column":12},"end":{"line":1071,"column":61}},"521":{"start":{"line":1070,"column":16},"end":{"line":1070,"column":52}},"522":{"start":{"line":1082,"column":4},"end":{"line":1170,"column":6}},"523":{"start":{"line":1083,"column":25},"end":{"line":1083,"column":32}},"524":{"start":{"line":1084,"column":22},"end":{"line":1084,"column":61}},"525":{"start":{"line":1085,"column":25},"end":{"line":1085,"column":47}},"526":{"start":{"line":1086,"column":23},"end":{"line":1086,"column":107}},"527":{"start":{"line":1088,"column":8},"end":{"line":1094,"column":9}},"528":{"start":{"line":1095,"column":28},"end":{"line":1095,"column":69}},"529":{"start":{"line":1097,"column":21},"end":{"line":1102,"column":9}},"530":{"start":{"line":1107,"column":20},"end":{"line":1107,"column":30}},"531":{"start":{"line":1109,"column":8},"end":{"line":1115,"column":9}},"532":{"start":{"line":1110,"column":12},"end":{"line":1114,"column":62}},"533":{"start":{"line":1111,"column":30},"end":{"line":1111,"column":78}},"534":{"start":{"line":1112,"column":34},"end":{"line":1112,"column":45}},"535":{"start":{"line":1113,"column":30},"end":{"line":1113,"column":97}},"536":{"start":{"line":1114,"column":31},"end":{"line":1114,"column":61}},"537":{"start":{"line":1119,"column":8},"end":{"line":1130,"column":9}},"538":{"start":{"line":1120,"column":12},"end":{"line":1129,"column":18}},"539":{"start":{"line":1122,"column":20},"end":{"line":1122,"column":89}},"540":{"start":{"line":1123,"column":20},"end":{"line":1123,"column":67}},"541":{"start":{"line":1124,"column":20},"end":{"line":1124,"column":85}},"542":{"start":{"line":1125,"column":20},"end":{"line":1125,"column":89}},"543":{"start":{"line":1126,"column":20},"end":{"line":1126,"column":90}},"544":{"start":{"line":1128,"column":20},"end":{"line":1128,"column":49}},"545":{"start":{"line":1132,"column":8},"end":{"line":1145,"column":10}},"546":{"start":{"line":1133,"column":12},"end":{"line":1133,"column":27}},"547":{"start":{"line":1135,"column":12},"end":{"line":1144,"column":18}},"548":{"start":{"line":1137,"column":20},"end":{"line":1137,"column":89}},"549":{"start":{"line":1138,"column":20},"end":{"line":1138,"column":67}},"550":{"start":{"line":1139,"column":20},"end":{"line":1139,"column":85}},"551":{"start":{"line":1140,"column":20},"end":{"line":1140,"column":89}},"552":{"start":{"line":1141,"column":20},"end":{"line":1141,"column":90}},"553":{"start":{"line":1143,"column":20},"end":{"line":1143,"column":49}},"554":{"start":{"line":1147,"column":8},"end":{"line":1161,"column":10}},"555":{"start":{"line":1148,"column":12},"end":{"line":1148,"column":38}},"556":{"start":{"line":1150,"column":12},"end":{"line":1160,"column":18}},"557":{"start":{"line":1153,"column":20},"end":{"line":1157,"column":26}},"558":{"start":{"line":1156,"column":28},"end":{"line":1156,"column":57}},"559":{"start":{"line":1163,"column":8},"end":{"line":1168,"column":10}},"560":{"start":{"line":1165,"column":12},"end":{"line":1167,"column":61}},"561":{"start":{"line":1166,"column":16},"end":{"line":1166,"column":52}},"562":{"start":{"line":1174,"column":4},"end":{"line":1257,"column":6}},"563":{"start":{"line":1175,"column":25},"end":{"line":1175,"column":32}},"564":{"start":{"line":1176,"column":22},"end":{"line":1176,"column":61}},"565":{"start":{"line":1177,"column":25},"end":{"line":1177,"column":47}},"566":{"start":{"line":1179,"column":26},"end":{"line":1179,"column":34}},"567":{"start":{"line":1180,"column":23},"end":{"line":1180,"column":62}},"568":{"start":{"line":1181,"column":26},"end":{"line":1181,"column":48}},"569":{"start":{"line":1186,"column":19},"end":{"line":1186,"column":25}},"570":{"start":{"line":1188,"column":8},"end":{"line":1204,"column":9}},"571":{"start":{"line":1189,"column":12},"end":{"line":1203,"column":18}},"572":{"start":{"line":1190,"column":30},"end":{"line":1190,"column":78}},"573":{"start":{"line":1191,"column":34},"end":{"line":1191,"column":45}},"574":{"start":{"line":1194,"column":20},"end":{"line":1200,"column":26}},"575":{"start":{"line":1195,"column":38},"end":{"line":1195,"column":105}},"576":{"start":{"line":1198,"column":28},"end":{"line":1198,"column":40}},"577":{"start":{"line":1206,"column":8},"end":{"line":1234,"column":9}},"578":{"start":{"line":1207,"column":12},"end":{"line":1231,"column":18}},"579":{"start":{"line":1210,"column":20},"end":{"line":1210,"column":61}},"580":{"start":{"line":1211,"column":20},"end":{"line":1211,"column":107}},"581":{"start":{"line":1212,"column":20},"end":{"line":1212,"column":80}},"582":{"start":{"line":1213,"column":20},"end":{"line":1213,"column":79}},"583":{"start":{"line":1218,"column":20},"end":{"line":1228,"column":26}},"584":{"start":{"line":1221,"column":28},"end":{"line":1221,"column":69}},"585":{"start":{"line":1222,"column":28},"end":{"line":1222,"column":116}},"586":{"start":{"line":1223,"column":28},"end":{"line":1223,"column":87}},"587":{"start":{"line":1224,"column":28},"end":{"line":1224,"column":87}},"588":{"start":{"line":1236,"column":8},"end":{"line":1241,"column":10}},"589":{"start":{"line":1238,"column":12},"end":{"line":1240,"column":61}},"590":{"start":{"line":1239,"column":16},"end":{"line":1239,"column":59}},"591":{"start":{"line":1243,"column":8},"end":{"line":1248,"column":10}},"592":{"start":{"line":1245,"column":12},"end":{"line":1247,"column":61}},"593":{"start":{"line":1246,"column":16},"end":{"line":1246,"column":58}},"594":{"start":{"line":1250,"column":8},"end":{"line":1255,"column":10}},"595":{"start":{"line":1252,"column":12},"end":{"line":1254,"column":61}},"596":{"start":{"line":1253,"column":16},"end":{"line":1253,"column":61}},"597":{"start":{"line":1260,"column":4},"end":{"line":1294,"column":6}},"598":{"start":{"line":1261,"column":25},"end":{"line":1261,"column":32}},"599":{"start":{"line":1262,"column":22},"end":{"line":1262,"column":61}},"600":{"start":{"line":1263,"column":25},"end":{"line":1263,"column":47}},"601":{"start":{"line":1269,"column":19},"end":{"line":1269,"column":25}},"602":{"start":{"line":1271,"column":8},"end":{"line":1275,"column":9}},"603":{"start":{"line":1272,"column":12},"end":{"line":1274,"column":46}},"604":{"start":{"line":1273,"column":30},"end":{"line":1273,"column":78}},"605":{"start":{"line":1274,"column":34},"end":{"line":1274,"column":45}},"606":{"start":{"line":1277,"column":8},"end":{"line":1284,"column":9}},"607":{"start":{"line":1278,"column":12},"end":{"line":1283,"column":18}},"608":{"start":{"line":1281,"column":20},"end":{"line":1281,"column":47}},"609":{"start":{"line":1286,"column":8},"end":{"line":1291,"column":10}},"610":{"start":{"line":1288,"column":12},"end":{"line":1290,"column":61}},"611":{"start":{"line":1289,"column":16},"end":{"line":1289,"column":55}},"612":{"start":{"line":1299,"column":4},"end":{"line":1306,"column":5}},"613":{"start":{"line":1300,"column":8},"end":{"line":1305,"column":46}},"614":{"start":{"line":1305,"column":24},"end":{"line":1305,"column":45}}},"fnMap":{"0":{"name":"(anonymous_0)","decl":{"start":{"line":15,"column":18},"end":{"line":15,"column":19}},"loc":{"start":{"line":15,"column":24},"end":{"line":1307,"column":1}},"line":15},"1":{"name":"(anonymous_1)","decl":{"start":{"line":16,"column":11},"end":{"line":16,"column":12}},"loc":{"start":{"line":16,"column":17},"end":{"line":16,"column":73}},"line":16},"2":{"name":"(anonymous_2)","decl":{"start":{"line":18,"column":15},"end":{"line":18,"column":16}},"loc":{"start":{"line":19,"column":8},"end":{"line":22,"column":10}},"line":19},"3":{"name":"(anonymous_3)","decl":{"start":{"line":25,"column":30},"end":{"line":25,"column":31}},"loc":{"start":{"line":25,"column":36},"end":{"line":298,"column":5}},"line":25},"4":{"name":"(anonymous_4)","decl":{"start":{"line":31,"column":43},"end":{"line":31,"column":44}},"loc":{"start":{"line":31,"column":55},"end":{"line":45,"column":9}},"line":31},"5":{"name":"(anonymous_5)","decl":{"start":{"line":48,"column":48},"end":{"line":48,"column":49}},"loc":{"start":{"line":48,"column":54},"end":{"line":56,"column":9}},"line":48},"6":{"name":"(anonymous_6)","decl":{"start":{"line":53,"column":19},"end":{"line":53,"column":20}},"loc":{"start":{"line":53,"column":25},"end":{"line":55,"column":13}},"line":53},"7":{"name":"(anonymous_7)","decl":{"start":{"line":58,"column":46},"end":{"line":58,"column":47}},"loc":{"start":{"line":58,"column":52},"end":{"line":66,"column":9}},"line":58},"8":{"name":"(anonymous_8)","decl":{"start":{"line":63,"column":19},"end":{"line":63,"column":20}},"loc":{"start":{"line":63,"column":25},"end":{"line":65,"column":13}},"line":63},"9":{"name":"(anonymous_9)","decl":{"start":{"line":69,"column":46},"end":{"line":69,"column":47}},"loc":{"start":{"line":69,"column":52},"end":{"line":77,"column":9}},"line":69},"10":{"name":"(anonymous_10)","decl":{"start":{"line":74,"column":19},"end":{"line":74,"column":20}},"loc":{"start":{"line":74,"column":25},"end":{"line":76,"column":13}},"line":74},"11":{"name":"(anonymous_11)","decl":{"start":{"line":79,"column":45},"end":{"line":79,"column":46}},"loc":{"start":{"line":79,"column":51},"end":{"line":87,"column":9}},"line":79},"12":{"name":"(anonymous_12)","decl":{"start":{"line":84,"column":19},"end":{"line":84,"column":20}},"loc":{"start":{"line":84,"column":25},"end":{"line":86,"column":13}},"line":84},"13":{"name":"(anonymous_13)","decl":{"start":{"line":89,"column":44},"end":{"line":89,"column":45}},"loc":{"start":{"line":89,"column":50},"end":{"line":97,"column":9}},"line":89},"14":{"name":"(anonymous_14)","decl":{"start":{"line":94,"column":19},"end":{"line":94,"column":20}},"loc":{"start":{"line":94,"column":25},"end":{"line":96,"column":13}},"line":94},"15":{"name":"(anonymous_15)","decl":{"start":{"line":99,"column":44},"end":{"line":99,"column":45}},"loc":{"start":{"line":99,"column":50},"end":{"line":107,"column":9}},"line":99},"16":{"name":"(anonymous_16)","decl":{"start":{"line":104,"column":19},"end":{"line":104,"column":20}},"loc":{"start":{"line":104,"column":25},"end":{"line":106,"column":13}},"line":104},"17":{"name":"(anonymous_17)","decl":{"start":{"line":109,"column":41},"end":{"line":109,"column":42}},"loc":{"start":{"line":109,"column":47},"end":{"line":117,"column":9}},"line":109},"18":{"name":"(anonymous_18)","decl":{"start":{"line":114,"column":19},"end":{"line":114,"column":20}},"loc":{"start":{"line":114,"column":25},"end":{"line":116,"column":13}},"line":114},"19":{"name":"(anonymous_19)","decl":{"start":{"line":118,"column":43},"end":{"line":118,"column":44}},"loc":{"start":{"line":118,"column":49},"end":{"line":126,"column":9}},"line":118},"20":{"name":"(anonymous_20)","decl":{"start":{"line":123,"column":19},"end":{"line":123,"column":20}},"loc":{"start":{"line":123,"column":25},"end":{"line":125,"column":13}},"line":123},"21":{"name":"(anonymous_21)","decl":{"start":{"line":128,"column":43},"end":{"line":128,"column":44}},"loc":{"start":{"line":128,"column":49},"end":{"line":136,"column":9}},"line":128},"22":{"name":"(anonymous_22)","decl":{"start":{"line":133,"column":19},"end":{"line":133,"column":20}},"loc":{"start":{"line":133,"column":25},"end":{"line":135,"column":13}},"line":133},"23":{"name":"(anonymous_23)","decl":{"start":{"line":138,"column":42},"end":{"line":138,"column":43}},"loc":{"start":{"line":138,"column":48},"end":{"line":146,"column":9}},"line":138},"24":{"name":"(anonymous_24)","decl":{"start":{"line":143,"column":19},"end":{"line":143,"column":20}},"loc":{"start":{"line":143,"column":25},"end":{"line":145,"column":13}},"line":143},"25":{"name":"(anonymous_25)","decl":{"start":{"line":148,"column":45},"end":{"line":148,"column":46}},"loc":{"start":{"line":148,"column":51},"end":{"line":156,"column":9}},"line":148},"26":{"name":"(anonymous_26)","decl":{"start":{"line":153,"column":19},"end":{"line":153,"column":20}},"loc":{"start":{"line":153,"column":25},"end":{"line":155,"column":13}},"line":153},"27":{"name":"(anonymous_27)","decl":{"start":{"line":158,"column":41},"end":{"line":158,"column":42}},"loc":{"start":{"line":158,"column":47},"end":{"line":166,"column":9}},"line":158},"28":{"name":"(anonymous_28)","decl":{"start":{"line":163,"column":19},"end":{"line":163,"column":20}},"loc":{"start":{"line":163,"column":25},"end":{"line":165,"column":13}},"line":163},"29":{"name":"(anonymous_29)","decl":{"start":{"line":168,"column":48},"end":{"line":168,"column":49}},"loc":{"start":{"line":168,"column":54},"end":{"line":176,"column":9}},"line":168},"30":{"name":"(anonymous_30)","decl":{"start":{"line":173,"column":19},"end":{"line":173,"column":20}},"loc":{"start":{"line":173,"column":25},"end":{"line":175,"column":13}},"line":173},"31":{"name":"(anonymous_31)","decl":{"start":{"line":178,"column":46},"end":{"line":178,"column":47}},"loc":{"start":{"line":178,"column":52},"end":{"line":186,"column":9}},"line":178},"32":{"name":"(anonymous_32)","decl":{"start":{"line":183,"column":19},"end":{"line":183,"column":20}},"loc":{"start":{"line":183,"column":25},"end":{"line":185,"column":13}},"line":183},"33":{"name":"(anonymous_33)","decl":{"start":{"line":188,"column":46},"end":{"line":188,"column":47}},"loc":{"start":{"line":188,"column":52},"end":{"line":196,"column":9}},"line":188},"34":{"name":"(anonymous_34)","decl":{"start":{"line":193,"column":19},"end":{"line":193,"column":20}},"loc":{"start":{"line":193,"column":25},"end":{"line":195,"column":13}},"line":193},"35":{"name":"(anonymous_35)","decl":{"start":{"line":198,"column":44},"end":{"line":198,"column":45}},"loc":{"start":{"line":198,"column":50},"end":{"line":206,"column":9}},"line":198},"36":{"name":"(anonymous_36)","decl":{"start":{"line":203,"column":19},"end":{"line":203,"column":20}},"loc":{"start":{"line":203,"column":25},"end":{"line":205,"column":13}},"line":203},"37":{"name":"(anonymous_37)","decl":{"start":{"line":208,"column":45},"end":{"line":208,"column":46}},"loc":{"start":{"line":208,"column":51},"end":{"line":216,"column":9}},"line":208},"38":{"name":"(anonymous_38)","decl":{"start":{"line":213,"column":19},"end":{"line":213,"column":20}},"loc":{"start":{"line":213,"column":25},"end":{"line":215,"column":13}},"line":213},"39":{"name":"(anonymous_39)","decl":{"start":{"line":218,"column":41},"end":{"line":218,"column":42}},"loc":{"start":{"line":218,"column":47},"end":{"line":226,"column":9}},"line":218},"40":{"name":"(anonymous_40)","decl":{"start":{"line":223,"column":19},"end":{"line":223,"column":20}},"loc":{"start":{"line":223,"column":25},"end":{"line":225,"column":13}},"line":223},"41":{"name":"(anonymous_41)","decl":{"start":{"line":228,"column":58},"end":{"line":228,"column":59}},"loc":{"start":{"line":228,"column":64},"end":{"line":236,"column":9}},"line":228},"42":{"name":"(anonymous_42)","decl":{"start":{"line":233,"column":19},"end":{"line":233,"column":20}},"loc":{"start":{"line":233,"column":25},"end":{"line":235,"column":13}},"line":233},"43":{"name":"(anonymous_43)","decl":{"start":{"line":238,"column":57},"end":{"line":238,"column":58}},"loc":{"start":{"line":238,"column":63},"end":{"line":246,"column":9}},"line":238},"44":{"name":"(anonymous_44)","decl":{"start":{"line":243,"column":19},"end":{"line":243,"column":20}},"loc":{"start":{"line":243,"column":25},"end":{"line":245,"column":13}},"line":243},"45":{"name":"(anonymous_45)","decl":{"start":{"line":248,"column":59},"end":{"line":248,"column":60}},"loc":{"start":{"line":248,"column":65},"end":{"line":256,"column":9}},"line":248},"46":{"name":"(anonymous_46)","decl":{"start":{"line":253,"column":19},"end":{"line":253,"column":20}},"loc":{"start":{"line":253,"column":25},"end":{"line":255,"column":13}},"line":253},"47":{"name":"(anonymous_47)","decl":{"start":{"line":258,"column":56},"end":{"line":258,"column":57}},"loc":{"start":{"line":258,"column":62},"end":{"line":266,"column":9}},"line":258},"48":{"name":"(anonymous_48)","decl":{"start":{"line":263,"column":19},"end":{"line":263,"column":20}},"loc":{"start":{"line":263,"column":25},"end":{"line":265,"column":13}},"line":263},"49":{"name":"(anonymous_49)","decl":{"start":{"line":268,"column":61},"end":{"line":268,"column":62}},"loc":{"start":{"line":268,"column":67},"end":{"line":276,"column":9}},"line":268},"50":{"name":"(anonymous_50)","decl":{"start":{"line":273,"column":19},"end":{"line":273,"column":20}},"loc":{"start":{"line":273,"column":25},"end":{"line":275,"column":13}},"line":273},"51":{"name":"(anonymous_51)","decl":{"start":{"line":278,"column":57},"end":{"line":278,"column":58}},"loc":{"start":{"line":278,"column":63},"end":{"line":286,"column":9}},"line":278},"52":{"name":"(anonymous_52)","decl":{"start":{"line":283,"column":19},"end":{"line":283,"column":20}},"loc":{"start":{"line":283,"column":25},"end":{"line":285,"column":13}},"line":283},"53":{"name":"(anonymous_53)","decl":{"start":{"line":288,"column":84},"end":{"line":288,"column":85}},"loc":{"start":{"line":288,"column":90},"end":{"line":296,"column":9}},"line":288},"54":{"name":"(anonymous_54)","decl":{"start":{"line":293,"column":19},"end":{"line":293,"column":20}},"loc":{"start":{"line":293,"column":25},"end":{"line":295,"column":13}},"line":293},"55":{"name":"(anonymous_55)","decl":{"start":{"line":302,"column":34},"end":{"line":302,"column":35}},"loc":{"start":{"line":302,"column":40},"end":{"line":418,"column":5}},"line":302},"56":{"name":"(anonymous_56)","decl":{"start":{"line":307,"column":19},"end":{"line":307,"column":20}},"loc":{"start":{"line":308,"column":12},"end":{"line":309,"column":79}},"line":308},"57":{"name":"(anonymous_57)","decl":{"start":{"line":309,"column":22},"end":{"line":309,"column":23}},"loc":{"start":{"line":309,"column":30},"end":{"line":309,"column":78}},"line":309},"58":{"name":"(anonymous_58)","decl":{"start":{"line":312,"column":52},"end":{"line":312,"column":53}},"loc":{"start":{"line":313,"column":12},"end":{"line":314,"column":53}},"line":313},"59":{"name":"(anonymous_59)","decl":{"start":{"line":314,"column":22},"end":{"line":314,"column":23}},"loc":{"start":{"line":314,"column":28},"end":{"line":314,"column":52}},"line":314},"60":{"name":"(anonymous_60)","decl":{"start":{"line":317,"column":41},"end":{"line":317,"column":42}},"loc":{"start":{"line":317,"column":47},"end":{"line":324,"column":9}},"line":317},"61":{"name":"(anonymous_61)","decl":{"start":{"line":321,"column":19},"end":{"line":321,"column":20}},"loc":{"start":{"line":321,"column":25},"end":{"line":323,"column":13}},"line":321},"62":{"name":"(anonymous_62)","decl":{"start":{"line":326,"column":43},"end":{"line":326,"column":44}},"loc":{"start":{"line":326,"column":49},"end":{"line":333,"column":9}},"line":326},"63":{"name":"(anonymous_63)","decl":{"start":{"line":330,"column":19},"end":{"line":330,"column":20}},"loc":{"start":{"line":330,"column":25},"end":{"line":332,"column":13}},"line":330},"64":{"name":"(anonymous_64)","decl":{"start":{"line":335,"column":41},"end":{"line":335,"column":42}},"loc":{"start":{"line":335,"column":47},"end":{"line":342,"column":9}},"line":335},"65":{"name":"(anonymous_65)","decl":{"start":{"line":339,"column":19},"end":{"line":339,"column":20}},"loc":{"start":{"line":339,"column":25},"end":{"line":341,"column":13}},"line":339},"66":{"name":"(anonymous_66)","decl":{"start":{"line":344,"column":45},"end":{"line":344,"column":46}},"loc":{"start":{"line":344,"column":51},"end":{"line":351,"column":9}},"line":344},"67":{"name":"(anonymous_67)","decl":{"start":{"line":348,"column":19},"end":{"line":348,"column":20}},"loc":{"start":{"line":348,"column":25},"end":{"line":350,"column":13}},"line":348},"68":{"name":"(anonymous_68)","decl":{"start":{"line":352,"column":42},"end":{"line":352,"column":43}},"loc":{"start":{"line":352,"column":48},"end":{"line":359,"column":9}},"line":352},"69":{"name":"(anonymous_69)","decl":{"start":{"line":356,"column":19},"end":{"line":356,"column":20}},"loc":{"start":{"line":356,"column":25},"end":{"line":358,"column":13}},"line":356},"70":{"name":"(anonymous_70)","decl":{"start":{"line":360,"column":43},"end":{"line":360,"column":44}},"loc":{"start":{"line":360,"column":49},"end":{"line":367,"column":9}},"line":360},"71":{"name":"(anonymous_71)","decl":{"start":{"line":364,"column":19},"end":{"line":364,"column":20}},"loc":{"start":{"line":364,"column":25},"end":{"line":366,"column":13}},"line":364},"72":{"name":"(anonymous_72)","decl":{"start":{"line":369,"column":44},"end":{"line":369,"column":45}},"loc":{"start":{"line":369,"column":50},"end":{"line":375,"column":9}},"line":369},"73":{"name":"(anonymous_73)","decl":{"start":{"line":372,"column":19},"end":{"line":372,"column":20}},"loc":{"start":{"line":372,"column":25},"end":{"line":374,"column":13}},"line":372},"74":{"name":"(anonymous_74)","decl":{"start":{"line":377,"column":46},"end":{"line":377,"column":47}},"loc":{"start":{"line":377,"column":52},"end":{"line":384,"column":9}},"line":377},"75":{"name":"(anonymous_75)","decl":{"start":{"line":381,"column":19},"end":{"line":381,"column":20}},"loc":{"start":{"line":381,"column":25},"end":{"line":383,"column":13}},"line":381},"76":{"name":"(anonymous_76)","decl":{"start":{"line":386,"column":44},"end":{"line":386,"column":45}},"loc":{"start":{"line":386,"column":50},"end":{"line":393,"column":9}},"line":386},"77":{"name":"(anonymous_77)","decl":{"start":{"line":390,"column":19},"end":{"line":390,"column":20}},"loc":{"start":{"line":390,"column":25},"end":{"line":392,"column":13}},"line":390},"78":{"name":"(anonymous_78)","decl":{"start":{"line":395,"column":48},"end":{"line":395,"column":49}},"loc":{"start":{"line":395,"column":54},"end":{"line":402,"column":9}},"line":395},"79":{"name":"(anonymous_79)","decl":{"start":{"line":399,"column":19},"end":{"line":399,"column":20}},"loc":{"start":{"line":399,"column":25},"end":{"line":401,"column":13}},"line":399},"80":{"name":"(anonymous_80)","decl":{"start":{"line":403,"column":45},"end":{"line":403,"column":46}},"loc":{"start":{"line":403,"column":51},"end":{"line":410,"column":9}},"line":403},"81":{"name":"(anonymous_81)","decl":{"start":{"line":407,"column":19},"end":{"line":407,"column":20}},"loc":{"start":{"line":407,"column":25},"end":{"line":409,"column":13}},"line":407},"82":{"name":"(anonymous_82)","decl":{"start":{"line":411,"column":46},"end":{"line":411,"column":47}},"loc":{"start":{"line":411,"column":52},"end":{"line":417,"column":9}},"line":411},"83":{"name":"(anonymous_83)","decl":{"start":{"line":414,"column":19},"end":{"line":414,"column":20}},"loc":{"start":{"line":414,"column":25},"end":{"line":416,"column":13}},"line":414},"84":{"name":"(anonymous_84)","decl":{"start":{"line":420,"column":30},"end":{"line":420,"column":31}},"loc":{"start":{"line":420,"column":36},"end":{"line":487,"column":5}},"line":420},"85":{"name":"(anonymous_85)","decl":{"start":{"line":427,"column":19},"end":{"line":427,"column":20}},"loc":{"start":{"line":428,"column":12},"end":{"line":430,"column":46}},"line":428},"86":{"name":"(anonymous_86)","decl":{"start":{"line":429,"column":22},"end":{"line":429,"column":23}},"loc":{"start":{"line":429,"column":30},"end":{"line":429,"column":78}},"line":429},"87":{"name":"(anonymous_87)","decl":{"start":{"line":430,"column":22},"end":{"line":430,"column":23}},"loc":{"start":{"line":430,"column":34},"end":{"line":430,"column":45}},"line":430},"88":{"name":"(anonymous_88)","decl":{"start":{"line":433,"column":52},"end":{"line":433,"column":53}},"loc":{"start":{"line":434,"column":12},"end":{"line":441,"column":18}},"line":434},"89":{"name":"(anonymous_89)","decl":{"start":{"line":435,"column":22},"end":{"line":435,"column":23}},"loc":{"start":{"line":435,"column":30},"end":{"line":441,"column":17}},"line":435},"90":{"name":"(anonymous_90)","decl":{"start":{"line":446,"column":40},"end":{"line":446,"column":41}},"loc":{"start":{"line":446,"column":46},"end":{"line":451,"column":9}},"line":446},"91":{"name":"(anonymous_91)","decl":{"start":{"line":448,"column":19},"end":{"line":448,"column":20}},"loc":{"start":{"line":448,"column":25},"end":{"line":450,"column":13}},"line":448},"92":{"name":"(anonymous_92)","decl":{"start":{"line":453,"column":39},"end":{"line":453,"column":40}},"loc":{"start":{"line":453,"column":45},"end":{"line":458,"column":9}},"line":453},"93":{"name":"(anonymous_93)","decl":{"start":{"line":455,"column":19},"end":{"line":455,"column":20}},"loc":{"start":{"line":455,"column":25},"end":{"line":457,"column":13}},"line":455},"94":{"name":"(anonymous_94)","decl":{"start":{"line":460,"column":42},"end":{"line":460,"column":43}},"loc":{"start":{"line":460,"column":48},"end":{"line":465,"column":9}},"line":460},"95":{"name":"(anonymous_95)","decl":{"start":{"line":462,"column":19},"end":{"line":462,"column":20}},"loc":{"start":{"line":462,"column":25},"end":{"line":464,"column":13}},"line":462},"96":{"name":"(anonymous_96)","decl":{"start":{"line":467,"column":38},"end":{"line":467,"column":39}},"loc":{"start":{"line":467,"column":44},"end":{"line":472,"column":9}},"line":467},"97":{"name":"(anonymous_97)","decl":{"start":{"line":469,"column":19},"end":{"line":469,"column":20}},"loc":{"start":{"line":469,"column":25},"end":{"line":471,"column":13}},"line":469},"98":{"name":"(anonymous_98)","decl":{"start":{"line":474,"column":40},"end":{"line":474,"column":41}},"loc":{"start":{"line":474,"column":46},"end":{"line":479,"column":9}},"line":474},"99":{"name":"(anonymous_99)","decl":{"start":{"line":476,"column":19},"end":{"line":476,"column":20}},"loc":{"start":{"line":476,"column":25},"end":{"line":478,"column":13}},"line":476},"100":{"name":"(anonymous_100)","decl":{"start":{"line":481,"column":38},"end":{"line":481,"column":39}},"loc":{"start":{"line":481,"column":44},"end":{"line":486,"column":9}},"line":481},"101":{"name":"(anonymous_101)","decl":{"start":{"line":483,"column":19},"end":{"line":483,"column":20}},"loc":{"start":{"line":483,"column":25},"end":{"line":485,"column":13}},"line":483},"102":{"name":"(anonymous_102)","decl":{"start":{"line":490,"column":29},"end":{"line":490,"column":30}},"loc":{"start":{"line":490,"column":35},"end":{"line":577,"column":5}},"line":490},"103":{"name":"(anonymous_103)","decl":{"start":{"line":515,"column":19},"end":{"line":515,"column":20}},"loc":{"start":{"line":516,"column":12},"end":{"line":518,"column":46}},"line":516},"104":{"name":"(anonymous_104)","decl":{"start":{"line":517,"column":22},"end":{"line":517,"column":23}},"loc":{"start":{"line":517,"column":30},"end":{"line":517,"column":78}},"line":517},"105":{"name":"(anonymous_105)","decl":{"start":{"line":518,"column":22},"end":{"line":518,"column":23}},"loc":{"start":{"line":518,"column":34},"end":{"line":518,"column":45}},"line":518},"106":{"name":"(anonymous_106)","decl":{"start":{"line":521,"column":45},"end":{"line":521,"column":46}},"loc":{"start":{"line":522,"column":12},"end":{"line":535,"column":18}},"line":522},"107":{"name":"(anonymous_107)","decl":{"start":{"line":523,"column":22},"end":{"line":523,"column":23}},"loc":{"start":{"line":523,"column":31},"end":{"line":535,"column":17}},"line":523},"108":{"name":"(anonymous_108)","decl":{"start":{"line":529,"column":30},"end":{"line":529,"column":31}},"loc":{"start":{"line":529,"column":38},"end":{"line":533,"column":25}},"line":529},"109":{"name":"(anonymous_109)","decl":{"start":{"line":540,"column":46},"end":{"line":540,"column":47}},"loc":{"start":{"line":540,"column":52},"end":{"line":545,"column":9}},"line":540},"110":{"name":"(anonymous_110)","decl":{"start":{"line":542,"column":19},"end":{"line":542,"column":20}},"loc":{"start":{"line":542,"column":25},"end":{"line":544,"column":13}},"line":542},"111":{"name":"(anonymous_111)","decl":{"start":{"line":546,"column":46},"end":{"line":546,"column":47}},"loc":{"start":{"line":546,"column":52},"end":{"line":551,"column":9}},"line":546},"112":{"name":"(anonymous_112)","decl":{"start":{"line":548,"column":19},"end":{"line":548,"column":20}},"loc":{"start":{"line":548,"column":25},"end":{"line":550,"column":13}},"line":548},"113":{"name":"(anonymous_113)","decl":{"start":{"line":552,"column":42},"end":{"line":552,"column":43}},"loc":{"start":{"line":552,"column":48},"end":{"line":557,"column":9}},"line":552},"114":{"name":"(anonymous_114)","decl":{"start":{"line":554,"column":19},"end":{"line":554,"column":20}},"loc":{"start":{"line":554,"column":25},"end":{"line":556,"column":13}},"line":554},"115":{"name":"(anonymous_115)","decl":{"start":{"line":558,"column":51},"end":{"line":558,"column":52}},"loc":{"start":{"line":558,"column":57},"end":{"line":563,"column":9}},"line":558},"116":{"name":"(anonymous_116)","decl":{"start":{"line":560,"column":19},"end":{"line":560,"column":20}},"loc":{"start":{"line":560,"column":25},"end":{"line":562,"column":13}},"line":560},"117":{"name":"(anonymous_117)","decl":{"start":{"line":564,"column":44},"end":{"line":564,"column":45}},"loc":{"start":{"line":564,"column":50},"end":{"line":569,"column":9}},"line":564},"118":{"name":"(anonymous_118)","decl":{"start":{"line":566,"column":19},"end":{"line":566,"column":20}},"loc":{"start":{"line":566,"column":25},"end":{"line":568,"column":13}},"line":566},"119":{"name":"(anonymous_119)","decl":{"start":{"line":570,"column":46},"end":{"line":570,"column":47}},"loc":{"start":{"line":570,"column":52},"end":{"line":575,"column":9}},"line":570},"120":{"name":"(anonymous_120)","decl":{"start":{"line":572,"column":19},"end":{"line":572,"column":20}},"loc":{"start":{"line":572,"column":25},"end":{"line":574,"column":13}},"line":572},"121":{"name":"(anonymous_121)","decl":{"start":{"line":581,"column":29},"end":{"line":581,"column":30}},"loc":{"start":{"line":581,"column":35},"end":{"line":673,"column":5}},"line":581},"122":{"name":"(anonymous_122)","decl":{"start":{"line":606,"column":19},"end":{"line":606,"column":20}},"loc":{"start":{"line":607,"column":12},"end":{"line":611,"column":62}},"line":607},"123":{"name":"(anonymous_123)","decl":{"start":{"line":608,"column":22},"end":{"line":608,"column":23}},"loc":{"start":{"line":608,"column":30},"end":{"line":608,"column":78}},"line":608},"124":{"name":"(anonymous_124)","decl":{"start":{"line":609,"column":22},"end":{"line":609,"column":23}},"loc":{"start":{"line":609,"column":34},"end":{"line":609,"column":45}},"line":609},"125":{"name":"(anonymous_125)","decl":{"start":{"line":610,"column":22},"end":{"line":610,"column":23}},"loc":{"start":{"line":610,"column":28},"end":{"line":610,"column":99}},"line":610},"126":{"name":"(anonymous_126)","decl":{"start":{"line":611,"column":22},"end":{"line":611,"column":23}},"loc":{"start":{"line":611,"column":31},"end":{"line":611,"column":61}},"line":611},"127":{"name":"(anonymous_127)","decl":{"start":{"line":614,"column":45},"end":{"line":614,"column":46}},"loc":{"start":{"line":615,"column":12},"end":{"line":631,"column":18}},"line":615},"128":{"name":"(anonymous_128)","decl":{"start":{"line":616,"column":22},"end":{"line":616,"column":23}},"loc":{"start":{"line":616,"column":31},"end":{"line":631,"column":17}},"line":616},"129":{"name":"(anonymous_129)","decl":{"start":{"line":625,"column":30},"end":{"line":625,"column":31}},"loc":{"start":{"line":625,"column":38},"end":{"line":629,"column":25}},"line":625},"130":{"name":"(anonymous_130)","decl":{"start":{"line":636,"column":47},"end":{"line":636,"column":48}},"loc":{"start":{"line":636,"column":53},"end":{"line":641,"column":9}},"line":636},"131":{"name":"(anonymous_131)","decl":{"start":{"line":638,"column":19},"end":{"line":638,"column":20}},"loc":{"start":{"line":638,"column":25},"end":{"line":640,"column":13}},"line":638},"132":{"name":"(anonymous_132)","decl":{"start":{"line":642,"column":46},"end":{"line":642,"column":47}},"loc":{"start":{"line":642,"column":52},"end":{"line":647,"column":9}},"line":642},"133":{"name":"(anonymous_133)","decl":{"start":{"line":644,"column":19},"end":{"line":644,"column":20}},"loc":{"start":{"line":644,"column":25},"end":{"line":646,"column":13}},"line":644},"134":{"name":"(anonymous_134)","decl":{"start":{"line":648,"column":42},"end":{"line":648,"column":43}},"loc":{"start":{"line":648,"column":48},"end":{"line":653,"column":9}},"line":648},"135":{"name":"(anonymous_135)","decl":{"start":{"line":650,"column":19},"end":{"line":650,"column":20}},"loc":{"start":{"line":650,"column":25},"end":{"line":652,"column":13}},"line":650},"136":{"name":"(anonymous_136)","decl":{"start":{"line":654,"column":51},"end":{"line":654,"column":52}},"loc":{"start":{"line":654,"column":57},"end":{"line":659,"column":9}},"line":654},"137":{"name":"(anonymous_137)","decl":{"start":{"line":656,"column":19},"end":{"line":656,"column":20}},"loc":{"start":{"line":656,"column":25},"end":{"line":658,"column":13}},"line":656},"138":{"name":"(anonymous_138)","decl":{"start":{"line":660,"column":44},"end":{"line":660,"column":45}},"loc":{"start":{"line":660,"column":50},"end":{"line":665,"column":9}},"line":660},"139":{"name":"(anonymous_139)","decl":{"start":{"line":662,"column":19},"end":{"line":662,"column":20}},"loc":{"start":{"line":662,"column":25},"end":{"line":664,"column":13}},"line":662},"140":{"name":"(anonymous_140)","decl":{"start":{"line":666,"column":46},"end":{"line":666,"column":47}},"loc":{"start":{"line":666,"column":52},"end":{"line":671,"column":9}},"line":666},"141":{"name":"(anonymous_141)","decl":{"start":{"line":668,"column":19},"end":{"line":668,"column":20}},"loc":{"start":{"line":668,"column":25},"end":{"line":670,"column":13}},"line":668},"142":{"name":"(anonymous_142)","decl":{"start":{"line":677,"column":31},"end":{"line":677,"column":32}},"loc":{"start":{"line":677,"column":37},"end":{"line":768,"column":5}},"line":677},"143":{"name":"(anonymous_143)","decl":{"start":{"line":702,"column":19},"end":{"line":702,"column":20}},"loc":{"start":{"line":703,"column":12},"end":{"line":707,"column":61}},"line":703},"144":{"name":"(anonymous_144)","decl":{"start":{"line":704,"column":22},"end":{"line":704,"column":23}},"loc":{"start":{"line":704,"column":30},"end":{"line":704,"column":78}},"line":704},"145":{"name":"(anonymous_145)","decl":{"start":{"line":705,"column":22},"end":{"line":705,"column":23}},"loc":{"start":{"line":705,"column":34},"end":{"line":705,"column":45}},"line":705},"146":{"name":"(anonymous_146)","decl":{"start":{"line":706,"column":22},"end":{"line":706,"column":23}},"loc":{"start":{"line":706,"column":28},"end":{"line":706,"column":99}},"line":706},"147":{"name":"(anonymous_147)","decl":{"start":{"line":707,"column":22},"end":{"line":707,"column":23}},"loc":{"start":{"line":707,"column":31},"end":{"line":707,"column":60}},"line":707},"148":{"name":"(anonymous_148)","decl":{"start":{"line":710,"column":45},"end":{"line":710,"column":46}},"loc":{"start":{"line":711,"column":12},"end":{"line":727,"column":18}},"line":711},"149":{"name":"(anonymous_149)","decl":{"start":{"line":712,"column":22},"end":{"line":712,"column":23}},"loc":{"start":{"line":712,"column":31},"end":{"line":727,"column":17}},"line":712},"150":{"name":"(anonymous_150)","decl":{"start":{"line":721,"column":30},"end":{"line":721,"column":31}},"loc":{"start":{"line":721,"column":38},"end":{"line":725,"column":25}},"line":721},"151":{"name":"(anonymous_151)","decl":{"start":{"line":732,"column":47},"end":{"line":732,"column":48}},"loc":{"start":{"line":732,"column":53},"end":{"line":737,"column":9}},"line":732},"152":{"name":"(anonymous_152)","decl":{"start":{"line":734,"column":19},"end":{"line":734,"column":20}},"loc":{"start":{"line":734,"column":25},"end":{"line":736,"column":13}},"line":734},"153":{"name":"(anonymous_153)","decl":{"start":{"line":738,"column":42},"end":{"line":738,"column":43}},"loc":{"start":{"line":738,"column":48},"end":{"line":743,"column":9}},"line":738},"154":{"name":"(anonymous_154)","decl":{"start":{"line":740,"column":19},"end":{"line":740,"column":20}},"loc":{"start":{"line":740,"column":25},"end":{"line":742,"column":13}},"line":740},"155":{"name":"(anonymous_155)","decl":{"start":{"line":744,"column":45},"end":{"line":744,"column":46}},"loc":{"start":{"line":744,"column":51},"end":{"line":749,"column":9}},"line":744},"156":{"name":"(anonymous_156)","decl":{"start":{"line":746,"column":19},"end":{"line":746,"column":20}},"loc":{"start":{"line":746,"column":25},"end":{"line":748,"column":13}},"line":746},"157":{"name":"(anonymous_157)","decl":{"start":{"line":750,"column":42},"end":{"line":750,"column":43}},"loc":{"start":{"line":750,"column":48},"end":{"line":755,"column":9}},"line":750},"158":{"name":"(anonymous_158)","decl":{"start":{"line":752,"column":19},"end":{"line":752,"column":20}},"loc":{"start":{"line":752,"column":25},"end":{"line":754,"column":13}},"line":752},"159":{"name":"(anonymous_159)","decl":{"start":{"line":756,"column":43},"end":{"line":756,"column":44}},"loc":{"start":{"line":756,"column":49},"end":{"line":761,"column":9}},"line":756},"160":{"name":"(anonymous_160)","decl":{"start":{"line":758,"column":19},"end":{"line":758,"column":20}},"loc":{"start":{"line":758,"column":25},"end":{"line":760,"column":13}},"line":758},"161":{"name":"(anonymous_161)","decl":{"start":{"line":762,"column":44},"end":{"line":762,"column":45}},"loc":{"start":{"line":762,"column":50},"end":{"line":767,"column":9}},"line":762},"162":{"name":"(anonymous_162)","decl":{"start":{"line":764,"column":19},"end":{"line":764,"column":20}},"loc":{"start":{"line":764,"column":25},"end":{"line":766,"column":13}},"line":764},"163":{"name":"(anonymous_163)","decl":{"start":{"line":771,"column":29},"end":{"line":771,"column":30}},"loc":{"start":{"line":771,"column":35},"end":{"line":889,"column":5}},"line":771},"164":{"name":"(anonymous_164)","decl":{"start":{"line":796,"column":19},"end":{"line":796,"column":20}},"loc":{"start":{"line":797,"column":12},"end":{"line":801,"column":62}},"line":797},"165":{"name":"(anonymous_165)","decl":{"start":{"line":798,"column":22},"end":{"line":798,"column":23}},"loc":{"start":{"line":798,"column":30},"end":{"line":798,"column":78}},"line":798},"166":{"name":"(anonymous_166)","decl":{"start":{"line":799,"column":22},"end":{"line":799,"column":23}},"loc":{"start":{"line":799,"column":34},"end":{"line":799,"column":45}},"line":799},"167":{"name":"(anonymous_167)","decl":{"start":{"line":800,"column":22},"end":{"line":800,"column":23}},"loc":{"start":{"line":800,"column":28},"end":{"line":800,"column":99}},"line":800},"168":{"name":"(anonymous_168)","decl":{"start":{"line":801,"column":22},"end":{"line":801,"column":23}},"loc":{"start":{"line":801,"column":31},"end":{"line":801,"column":61}},"line":801},"169":{"name":"(anonymous_169)","decl":{"start":{"line":804,"column":45},"end":{"line":804,"column":46}},"loc":{"start":{"line":805,"column":12},"end":{"line":810,"column":18}},"line":805},"170":{"name":"(anonymous_170)","decl":{"start":{"line":806,"column":22},"end":{"line":806,"column":23}},"loc":{"start":{"line":806,"column":30},"end":{"line":810,"column":17}},"line":806},"171":{"name":"(anonymous_171)","decl":{"start":{"line":813,"column":47},"end":{"line":813,"column":48}},"loc":{"start":{"line":813,"column":53},"end":{"line":818,"column":9}},"line":813},"172":{"name":"(anonymous_172)","decl":{"start":{"line":815,"column":19},"end":{"line":815,"column":20}},"loc":{"start":{"line":815,"column":25},"end":{"line":817,"column":13}},"line":815},"173":{"name":"(anonymous_173)","decl":{"start":{"line":819,"column":42},"end":{"line":819,"column":43}},"loc":{"start":{"line":819,"column":48},"end":{"line":824,"column":9}},"line":819},"174":{"name":"(anonymous_174)","decl":{"start":{"line":821,"column":19},"end":{"line":821,"column":20}},"loc":{"start":{"line":821,"column":25},"end":{"line":823,"column":13}},"line":821},"175":{"name":"(anonymous_175)","decl":{"start":{"line":825,"column":45},"end":{"line":825,"column":46}},"loc":{"start":{"line":825,"column":51},"end":{"line":830,"column":9}},"line":825},"176":{"name":"(anonymous_176)","decl":{"start":{"line":827,"column":19},"end":{"line":827,"column":20}},"loc":{"start":{"line":827,"column":25},"end":{"line":829,"column":13}},"line":827},"177":{"name":"(anonymous_177)","decl":{"start":{"line":831,"column":42},"end":{"line":831,"column":43}},"loc":{"start":{"line":831,"column":48},"end":{"line":836,"column":9}},"line":831},"178":{"name":"(anonymous_178)","decl":{"start":{"line":833,"column":19},"end":{"line":833,"column":20}},"loc":{"start":{"line":833,"column":25},"end":{"line":835,"column":13}},"line":833},"179":{"name":"(anonymous_179)","decl":{"start":{"line":837,"column":43},"end":{"line":837,"column":44}},"loc":{"start":{"line":837,"column":49},"end":{"line":842,"column":9}},"line":837},"180":{"name":"(anonymous_180)","decl":{"start":{"line":839,"column":19},"end":{"line":839,"column":20}},"loc":{"start":{"line":839,"column":25},"end":{"line":841,"column":13}},"line":839},"181":{"name":"(anonymous_181)","decl":{"start":{"line":843,"column":44},"end":{"line":843,"column":45}},"loc":{"start":{"line":843,"column":50},"end":{"line":848,"column":9}},"line":843},"182":{"name":"(anonymous_182)","decl":{"start":{"line":845,"column":19},"end":{"line":845,"column":20}},"loc":{"start":{"line":845,"column":25},"end":{"line":847,"column":13}},"line":845},"183":{"name":"(anonymous_183)","decl":{"start":{"line":852,"column":47},"end":{"line":852,"column":48}},"loc":{"start":{"line":852,"column":53},"end":{"line":857,"column":9}},"line":852},"184":{"name":"(anonymous_184)","decl":{"start":{"line":854,"column":19},"end":{"line":854,"column":20}},"loc":{"start":{"line":854,"column":25},"end":{"line":856,"column":13}},"line":854},"185":{"name":"(anonymous_185)","decl":{"start":{"line":858,"column":42},"end":{"line":858,"column":43}},"loc":{"start":{"line":858,"column":48},"end":{"line":863,"column":9}},"line":858},"186":{"name":"(anonymous_186)","decl":{"start":{"line":860,"column":19},"end":{"line":860,"column":20}},"loc":{"start":{"line":860,"column":25},"end":{"line":862,"column":13}},"line":860},"187":{"name":"(anonymous_187)","decl":{"start":{"line":864,"column":45},"end":{"line":864,"column":46}},"loc":{"start":{"line":864,"column":51},"end":{"line":869,"column":9}},"line":864},"188":{"name":"(anonymous_188)","decl":{"start":{"line":866,"column":19},"end":{"line":866,"column":20}},"loc":{"start":{"line":866,"column":25},"end":{"line":868,"column":13}},"line":866},"189":{"name":"(anonymous_189)","decl":{"start":{"line":870,"column":42},"end":{"line":870,"column":43}},"loc":{"start":{"line":870,"column":48},"end":{"line":875,"column":9}},"line":870},"190":{"name":"(anonymous_190)","decl":{"start":{"line":872,"column":19},"end
[...]
301},"32":{"name":"(anonymous_32)","decl":{"start":{"line":304,"column":18},"end":{"line":304,"column":19}},"loc":{"start":{"line":304,"column":28},"end":{"line":310,"column":13}},"line":304},"33":{"name":"(anonymous_33)","decl":{"start":{"line":305,"column":31},"end":{"line":305,"column":32}},"loc":{"start":{"line":305,"column":40},"end":{"line":308,"column":17}},"line":305},"34":{"name":"(anonymous_34)","decl":{"start":{"line":314,"column":4},"end":{"line":314,"column":5}},"loc":{"start":{"line":314,"column":33},"end":{"line":329,"column":5}},"line":314},"35":{"name":"(anonymous_35)","decl":{"start":{"line":321,"column":18},"end":{"line":321,"column":19}},"loc":{"start":{"line":321,"column":28},"end":{"line":328,"column":13}},"line":321},"36":{"name":"(anonymous_36)","decl":{"start":{"line":322,"column":31},"end":{"line":322,"column":32}},"loc":{"start":{"line":322,"column":40},"end":{"line":326,"column":17}},"line":322},"37":{"name":"(anonymous_37)","decl":{"start":{"line":331,"column":4},"end":{"line":331,"column":5}},"loc":{"start":{"line":331,"column":34},"end":{"line":407,"column":5}},"line":331},"38":{"name":"(anonymous_38)","decl":{"start":{"line":340,"column":18},"end":{"line":340,"column":19}},"loc":{"start":{"line":340,"column":28},"end":{"line":406,"column":13}},"line":340},"39":{"name":"(anonymous_39)","decl":{"start":{"line":343,"column":57},"end":{"line":343,"column":58}},"loc":{"start":{"line":343,"column":67},"end":{"line":343,"column":92}},"line":343},"40":{"name":"(anonymous_40)","decl":{"start":{"line":360,"column":30},"end":{"line":360,"column":31}},"loc":{"start":{"line":360,"column":36},"end":{"line":379,"column":25}},"line":360},"41":{"name":"(anonymous_41)","decl":{"start":{"line":363,"column":38},"end":{"line":363,"column":39}},"loc":{"start":{"line":363,"column":48},"end":{"line":378,"column":33}},"line":363},"42":{"name":"(anonymous_42)","decl":{"start":{"line":389,"column":30},"end":{"line":389,"column":31}},"loc":{"start":{"line":389,"column":36},"end":{"line":404,"column":25}},"line":389},"43":{"name":"(anonymous_43)","decl":{"start":{"line":391,"column":38},"end":{"line":391,"column":39}},"loc":{"start":{"line":391,"column":46},"end":{"line":403,"column":33}},"line":391},"44":{"name":"(anonymous_44)","decl":{"start":{"line":393,"column":77},"end":{"line":393,"column":78}},"loc":{"start":{"line":393,"column":87},"end":{"line":393,"column":116}},"line":393}},"branchMap":{"0":{"loc":{"start":{"line":21,"column":8},"end":{"line":21,"column":88}},"type":"if","locations":[{"start":{"line":21,"column":8},"end":{"line":21,"column":88}},{"start":{"line":21,"column":8},"end":{"line":21,"column":88}}],"line":21},"1":{"loc":{"start":{"line":23,"column":8},"end":{"line":23,"column":76}},"type":"if","locations":[{"start":{"line":23,"column":8},"end":{"line":23,"column":76}},{"start":{"line":23,"column":8},"end":{"line":23,"column":76}}],"line":23},"2":{"loc":{"start":{"line":25,"column":8},"end":{"line":25,"column":82}},"type":"if","locations":[{"start":{"line":25,"column":8},"end":{"line":25,"column":82}},{"start":{"line":25,"column":8},"end":{"line":25,"column":82}}],"line":25},"3":{"loc":{"start":{"line":27,"column":8},"end":{"line":27,"column":70}},"type":"if","locations":[{"start":{"line":27,"column":8},"end":{"line":27,"column":70}},{"start":{"line":27,"column":8},"end":{"line":27,"column":70}}],"line":27},"4":{"loc":{"start":{"line":29,"column":8},"end":{"line":29,"column":88}},"type":"if","locations":[{"start":{"line":29,"column":8},"end":{"line":29,"column":88}},{"start":{"line":29,"column":8},"end":{"line":29,"column":88}}],"line":29},"5":{"loc":{"start":{"line":31,"column":8},"end":{"line":31,"column":76}},"type":"if","locations":[{"start":{"line":31,"column":8},"end":{"line":31,"column":76}},{"start":{"line":31,"column":8},"end":{"line":31,"column":76}}],"line":31},"6":{"loc":{"start":{"line":33,"column":8},"end":{"line":33,"column":112}},"type":"if","locations":[{"start":{"line":33,"column":8},"end":{"line":33,"column":112}},{"start":{"line":33,"column":8},"end":{"line":33,"column":112}}],"line":33},"7":{"loc":{"start":{"line":35,"column":8},"end":{"line":35,"column":101}},"type":"if","locations":[{"start":{"line":35,"column":8},"end":{"line":35,"column":101}},{"start":{"line":35,"column":8},"end":{"line":35,"column":101}}],"line":35},"8":{"loc":{"start":{"line":37,"column":8},"end":{"line":37,"column":84}},"type":"if","locations":[{"start":{"line":37,"column":8},"end":{"line":37,"column":84}},{"start":{"line":37,"column":8},"end":{"line":37,"column":84}}],"line":37},"9":{"loc":{"start":{"line":43,"column":12},"end":{"line":43,"column":76}},"type":"if","locations":[{"start":{"line":43,"column":12},"end":{"line":43,"column":76}},{"start":{"line":43,"column":12},"end":{"line":43,"column":76}}],"line":43},"10":{"loc":{"start":{"line":47,"column":12},"end":{"line":47,"column":82}},"type":"if","locations":[{"start":{"line":47,"column":12},"end":{"line":47,"column":82}},{"start":{"line":47,"column":12},"end":{"line":47,"column":82}}],"line":47},"11":{"loc":{"start":{"line":67,"column":8},"end":{"line":67,"column":82}},"type":"if","locations":[{"start":{"line":67,"column":8},"end":{"line":67,"column":82}},{"start":{"line":67,"column":8},"end":{"line":67,"column":82}}],"line":67},"12":{"loc":{"start":{"line":69,"column":8},"end":{"line":69,"column":70}},"type":"if","locations":[{"start":{"line":69,"column":8},"end":{"line":69,"column":70}},{"start":{"line":69,"column":8},"end":{"line":69,"column":70}}],"line":69},"13":{"loc":{"start":{"line":71,"column":8},"end":{"line":71,"column":88}},"type":"if","locations":[{"start":{"line":71,"column":8},"end":{"line":71,"column":88}},{"start":{"line":71,"column":8},"end":{"line":71,"column":88}}],"line":71},"14":{"loc":{"start":{"line":73,"column":8},"end":{"line":73,"column":76}},"type":"if","locations":[{"start":{"line":73,"column":8},"end":{"line":73,"column":76}},{"start":{"line":73,"column":8},"end":{"line":73,"column":76}}],"line":73},"15":{"loc":{"start":{"line":78,"column":12},"end":{"line":78,"column":72}},"type":"if","locations":[{"start":{"line":78,"column":12},"end":{"line":78,"column":72}},{"start":{"line":78,"column":12},"end":{"line":78,"column":72}}],"line":78},"16":{"loc":{"start":{"line":82,"column":12},"end":{"line":82,"column":56}},"type":"if","locations":[{"start":{"line":82,"column":12},"end":{"line":82,"column":56}},{"start":{"line":82,"column":12},"end":{"line":82,"column":56}}],"line":82},"17":{"loc":{"start":{"line":91,"column":8},"end":{"line":91,"column":84}},"type":"if","locations":[{"start":{"line":91,"column":8},"end":{"line":91,"column":84}},{"start":{"line":91,"column":8},"end":{"line":91,"column":84}}],"line":91},"18":{"loc":{"start":{"line":92,"column":8},"end":{"line":92,"column":72}},"type":"if","locations":[{"start":{"line":92,"column":8},"end":{"line":92,"column":72}},{"start":{"line":92,"column":8},"end":{"line":92,"column":72}}],"line":92},"19":{"loc":{"start":{"line":97,"column":16},"end":{"line":97,"column":74}},"type":"if","locations":[{"start":{"line":97,"column":16},"end":{"line":97,"column":74}},{"start":{"line":97,"column":16},"end":{"line":97,"column":74}}],"line":97},"20":{"loc":{"start":{"line":110,"column":8},"end":{"line":110,"column":84}},"type":"if","locations":[{"start":{"line":110,"column":8},"end":{"line":110,"column":84}},{"start":{"line":110,"column":8},"end":{"line":110,"column":84}}],"line":110},"21":{"loc":{"start":{"line":111,"column":8},"end":{"line":111,"column":72}},"type":"if","locations":[{"start":{"line":111,"column":8},"end":{"line":111,"column":72}},{"start":{"line":111,"column":8},"end":{"line":111,"column":72}}],"line":111},"22":{"loc":{"start":{"line":116,"column":16},"end":{"line":116,"column":74}},"type":"if","locations":[{"start":{"line":116,"column":16},"end":{"line":116,"column":74}},{"start":{"line":116,"column":16},"end":{"line":116,"column":74}}],"line":116},"23":{"loc":{"start":{"line":128,"column":16},"end":{"line":128,"column":74}},"type":"if","locations":[{"start":{"line":128,"column":16},"end":{"line":128,"column":74}},{"start":{"line":128,"column":16},"end":{"line":128,"column":74}}],"line":128},"24":{"loc":{"start":{"line":145,"column":8},"end":{"line":145,"column":84}},"type":"if","locations":[{"start":{"line":145,"column":8},"end":{"line":145,"column":84}},{"start":{"line":145,"column":8},"end":{"line":145,"column":84}}],"line":145},"25":{"loc":{"start":{"line":146,"column":8},"end":{"line":146,"column":80}},"type":"if","locations":[{"start":{"line":146,"column":8},"end":{"line":146,"column":80}},{"start":{"line":146,"column":8},"end":{"line":146,"column":80}}],"line":146},"26":{"loc":{"start":{"line":147,"column":8},"end":{"line":147,"column":79}},"type":"if","locations":[{"start":{"line":147,"column":8},"end":{"line":147,"column":79}},{"start":{"line":147,"column":8},"end":{"line":147,"column":79}}],"line":147},"27":{"loc":{"start":{"line":148,"column":8},"end":{"line":148,"column":90}},"type":"if","locations":[{"start":{"line":148,"column":8},"end":{"line":148,"column":90}},{"start":{"line":148,"column":8},"end":{"line":148,"column":90}}],"line":148},"28":{"loc":{"start":{"line":149,"column":8},"end":{"line":149,"column":77}},"type":"if","locations":[{"start":{"line":149,"column":8},"end":{"line":149,"column":77}},{"start":{"line":149,"column":8},"end":{"line":149,"column":77}}],"line":149},"29":{"loc":{"start":{"line":150,"column":8},"end":{"line":150,"column":81}},"type":"if","locations":[{"start":{"line":150,"column":8},"end":{"line":150,"column":81}},{"start":{"line":150,"column":8},"end":{"line":150,"column":81}}],"line":150},"30":{"loc":{"start":{"line":174,"column":8},"end":{"line":174,"column":84}},"type":"if","locations":[{"start":{"line":174,"column":8},"end":{"line":174,"column":84}},{"start":{"line":174,"column":8},"end":{"line":174,"column":84}}],"line":174},"31":{"loc":{"start":{"line":175,"column":8},"end":{"line":175,"column":80}},"type":"if","locations":[{"start":{"line":175,"column":8},"end":{"line":175,"column":80}},{"start":{"line":175,"column":8},"end":{"line":175,"column":80}}],"line":175},"32":{"loc":{"start":{"line":176,"column":8},"end":{"line":176,"column":79}},"type":"if","locations":[{"start":{"line":176,"column":8},"end":{"line":176,"column":79}},{"start":{"line":176,"column":8},"end":{"line":176,"column":79}}],"line":176},"33":{"loc":{"start":{"line":177,"column":8},"end":{"line":177,"column":90}},"type":"if","locations":[{"start":{"line":177,"column":8},"end":{"line":177,"column":90}},{"start":{"line":177,"column":8},"end":{"line":177,"column":90}}],"line":177},"34":{"loc":{"start":{"line":178,"column":8},"end":{"line":178,"column":77}},"type":"if","locations":[{"start":{"line":178,"column":8},"end":{"line":178,"column":77}},{"start":{"line":178,"column":8},"end":{"line":178,"column":77}}],"line":178},"35":{"loc":{"start":{"line":179,"column":8},"end":{"line":179,"column":81}},"type":"if","locations":[{"start":{"line":179,"column":8},"end":{"line":179,"column":81}},{"start":{"line":179,"column":8},"end":{"line":179,"column":81}}],"line":179},"36":{"loc":{"start":{"line":185,"column":16},"end":{"line":185,"column":77}},"type":"if","locations":[{"start":{"line":185,"column":16},"end":{"line":185,"column":77}},{"start":{"line":185,"column":16},"end":{"line":185,"column":77}}],"line":185},"37":{"loc":{"start":{"line":199,"column":8},"end":{"line":199,"column":84}},"type":"if","locations":[{"start":{"line":199,"column":8},"end":{"line":199,"column":84}},{"start":{"line":199,"column":8},"end":{"line":199,"column":84}}],"line":199},"38":{"loc":{"start":{"line":205,"column":16},"end":{"line":205,"column":77}},"type":"if","locations":[{"start":{"line":205,"column":16},"end":{"line":205,"column":77}},{"start":{"line":205,"column":16},"end":{"line":205,"column":77}}],"line":205},"39":{"loc":{"start":{"line":225,"column":8},"end":{"line":225,"column":84}},"type":"if","locations":[{"start":{"line":225,"column":8},"end":{"line":225,"column":84}},{"start":{"line":225,"column":8},"end":{"line":225,"column":84}}],"line":225},"40":{"loc":{"start":{"line":226,"column":8},"end":{"line":226,"column":84}},"type":"if","locations":[{"start":{"line":226,"column":8},"end":{"line":226,"column":84}},{"start":{"line":226,"column":8},"end":{"line":226,"column":84}}],"line":226},"41":{"loc":{"start":{"line":246,"column":8},"end":{"line":246,"column":84}},"type":"if","locations":[{"start":{"line":246,"column":8},"end":{"line":246,"column":84}},{"start":{"line":246,"column":8},"end":{"line":246,"column":84}}],"line":246},"42":{"loc":{"start":{"line":247,"column":8},"end":{"line":247,"column":72}},"type":"if","locations":[{"start":{"line":247,"column":8},"end":{"line":247,"column":72}},{"start":{"line":247,"column":8},"end":{"line":247,"column":72}}],"line":247},"43":{"loc":{"start":{"line":251,"column":16},"end":{"line":251,"column":74}},"type":"if","locations":[{"start":{"line":251,"column":16},"end":{"line":251,"column":74}},{"start":{"line":251,"column":16},"end":{"line":251,"column":74}}],"line":251},"44":{"loc":{"start":{"line":269,"column":8},"end":{"line":269,"column":84}},"type":"if","locations":[{"start":{"line":269,"column":8},"end":{"line":269,"column":84}},{"start":{"line":269,"column":8},"end":{"line":269,"column":84}}],"line":269},"45":{"loc":{"start":{"line":270,"column":8},"end":{"line":270,"column":72}},"type":"if","locations":[{"start":{"line":270,"column":8},"end":{"line":270,"column":72}},{"start":{"line":270,"column":8},"end":{"line":270,"column":72}}],"line":270},"46":{"loc":{"start":{"line":271,"column":8},"end":{"line":271,"column":86}},"type":"if","locations":[{"start":{"line":271,"column":8},"end":{"line":271,"column":86}},{"start":{"line":271,"column":8},"end":{"line":271,"column":86}}],"line":271},"47":{"loc":{"start":{"line":272,"column":8},"end":{"line":272,"column":74}},"type":"if","locations":[{"start":{"line":272,"column":8},"end":{"line":272,"column":74}},{"start":{"line":272,"column":8},"end":{"line":272,"column":74}}],"line":272},"48":{"loc":{"start":{"line":279,"column":16},"end":{"line":280,"column":52}},"type":"if","locations":[{"start":{"line":279,"column":16},"end":{"line":280,"column":52}},{"start":{"line":279,"column":16},"end":{"line":280,"column":52}}],"line":279},"49":{"loc":{"start":{"line":293,"column":8},"end":{"line":293,"column":84}},"type":"if","locations":[{"start":{"line":293,"column":8},"end":{"line":293,"column":84}},{"start":{"line":293,"column":8},"end":{"line":293,"column":84}}],"line":293},"50":{"loc":{"start":{"line":294,"column":8},"end":{"line":294,"column":72}},"type":"if","locations":[{"start":{"line":294,"column":8},"end":{"line":294,"column":72}},{"start":{"line":294,"column":8},"end":{"line":294,"column":72}}],"line":294},"51":{"loc":{"start":{"line":298,"column":16},"end":{"line":298,"column":74}},"type":"if","locations":[{"start":{"line":298,"column":16},"end":{"line":298,"column":74}},{"start":{"line":298,"column":16},"end":{"line":298,"column":74}}],"line":298},"52":{"loc":{"start":{"line":318,"column":8},"end":{"line":318,"column":82}},"type":"if","locations":[{"start":{"line":318,"column":8},"end":{"line":318,"column":82}},{"start":{"line":318,"column":8},"end":{"line":318,"column":82}}],"line":318},"53":{"loc":{"start":{"line":334,"column":8},"end":{"line":334,"column":84}},"type":"if","locations":[{"start":{"line":334,"column":8},"end":{"line":334,"column":84}},{"start":{"line":334,"column":8},"end":{"line":334,"column":84}}],"line":334},"54":{"loc":{"start":{"line":335,"column":8},"end":{"line":335,"column":76}},"type":"if","locations":[{"start":{"line":335,"column":8},"end":{"line":335,"column":76}},{"start":{"line":335,"column":8},"end":{"line":335,"column":76}}],"line":335},"55":{"loc":{"start":{"line":336,"column":8},"end":{"line":336,"column":76}},"type":"if","locations":[{"start":{"line":336,"column":8},"end":{"line":336,"column":76}},{"start":{"line":336,"column":8},"end":{"line":336,"column":76}}],"line":336},"56":{"loc":{"start":{"line":345,"column":16},"end":{"line":405,"column":17}},"type":"if","locations":[{"start":{"line":345,"column":16},"end":{"line":405,"column":17}},{"start":{"line":345,"column":16},"end":{"line":405,"column":17}}],"line":345}},"s":{"0":1,"1":1,"2":1,"3":26,"4":5,"5":21,"6":1,"7":20,"8":5,"9":15,"10":1,"11":14,"12":5,"13":9,"14":1,"15":8,"16":5,"17":3,"18":1,"19":2,"20":1,"21":1,"22":1,"23":1,"24":0,"25":1,"26":1,"27":0,"28":1,"29":1,"30":1,"31":13,"32":5,"33":8,"34":1,"35":7,"36":5,"37":2,"38":1,"39":1,"40":1,"41":1,"42":0,"43":1,"44":1,"45":0,"46":1,"47":8,"48":5,"49":3,"50":1,"51":2,"52":2,"53":0,"54":2,"55":2,"56":2,"57":2,"58":1,"59":1,"60":0,"61":1,"62":1,"63":0,"64":1,"65":0,"66":0,"67":0,"68":0,"69":0,"70":0,"71":46,"72":1,"73":45,"74":1,"75":44,"76":1,"77":43,"78":1,"79":42,"80":1,"81":41,"82":1,"83":40,"84":40,"85":40,"86":40,"87":40,"88":7,"89":1,"90":6,"91":1,"92":5,"93":1,"94":4,"95":1,"96":3,"97":1,"98":2,"99":1,"100":1,"101":1,"102":0,"103":1,"104":1,"105":1,"106":7,"107":6,"108":1,"109":1,"110":0,"111":1,"112":1,"113":1,"114":1,"115":1,"116":13,"117":6,"118":7,"119":6,"120":1,"121":1,"122":1,"123":1,"124":1,"125":2,"126":0,"127":2,"128":0,"129":2,"130":1,"131":0,"132":1,"133":1,"134":1,"135":1,"136":1,"137":1,"138":7,"139":1,"140":6,"141":0,"142":6,"143":1,"144":5,"145":0,"146":5,"147":5,"148":5,"149":4,"150":1,"151":5,"152":5,"153":2,"154":3,"155":0,"156":3,"157":3,"158":1,"159":2,"160":2,"161":2,"162":1,"163":1,"164":2,"165":3,"166":3,"167":0,"168":3,"169":3,"170":2,"171":2,"172":2,"173":3,"174":4,"175":1,"176":3,"177":1,"178":2,"179":1,"180":1,"181":1,"182":0,"183":1,"184":1,"185":1,"186":1,"187":1,"188":1,"189":1,"190":1,"191":0,"192":0,"193":0,"194":0,"195":0,"196":0,"197":0,"198":0,"199":0,"200":1},"f":{"0":26,"1":1,"2":13,"3":1,"4":8,"5":2,"6":2,"7":1,"8":0,"9":0,"10":46,"11":40,"12":40,"13":40,"14":7,"15":1,"16":7,"17":1,"18":1,"19":13,"20":1,"21":1,"22":2,"23":1,"24":1,"25":1,"26":1,"27":7,"28":5,"29":5,"30":3,"31":2,"32":2,"33":1,"34":3,"35":3,"36":2,"37":4,"38":1,"39":0,"40":1,"41":1,"42":0,"43":0,"44":0},"b":{"0":[5,21],"1":[1,20],"2":[5,15],"3":[1,14],"4":[5,9],"5":[1,8],"6":[5,3],"7":[1,2],"8":[1,1],"9":[0,1],"10":[0,1],"11":[5,8],"12":[1,7],"13":[5,2],"14":[1,1],"15":[0,1],"16":[0,1],"17":[5,3],"18":[1,2],"19":[0,2],"20":[1,1],"21":[0,1],"22":[0,1],"23":[0,0],"24":[1,45],"25":[1,44],"26":[1,43],"27":[1,42],"28":[1,41],"29":[1,40],"30":[1,6],"31":[1,5],"32":[1,4],"33":[1,3],"34":[1,2],"35":[1,1],"36":[0,1],"37":[6,1],"38":[0,1],"39":[6,7],"40":[6,1],"41":[0,2],"42":[0,2],"43":[0,1],"44":[1,6],"45":[0,6],"46":[1,5],"47":[0,5],"48":[4,1],"49":[2,3],"50":[0,3],"51":[1,2],"52":[0,3],"53":[1,3],"54":[1,2],"55":[1,1],"56":[1,0]},"_coverageSchema":"43e27e138ebf9cfc5966b082cf9a028302ed4184","hash":"77f806d7693f58f4436887ebb39c78d2b99afd36","contentHash":"414941a2b9d6a8fb7eeb018e80b013fde3477e2b519bfa52f07eaa3e99a8bd4a"},"/home/ury/bootcamp/collab/skylab-bootcamp-201901/staff/oriol-escolar/home-swapp/home-swapp-api/src/token-helper/index.spec.js":{"path":"/home/ury/bootcamp/collab/skylab-bootcamp-201901/staff/oriol-escolar/home-swapp/home-swapp-api/src/token-helper/index.spec.js","statementMap":{},"fnMap":{},"branchMap":{},"s":{},"f":{},"b":{},"_coverageSchema":"43e27e138ebf9cfc5966b082cf9a028302ed4184","hash":"d0efda7df989d20eed0dad2fd7482591535fa8aa","contentHash":"2f2213b2781716e173f71e12e3917215d8f8f6b606bd6c59906bbc4299a77cc5"},"/home/ury/bootcamp/collab/skylab-bootcamp-201901/staff/oriol-escolar/home-swapp/home-swapp-api/src/cors/index.spec.js":{"path":"/home/ury/bootcamp/collab/skylab-bootcamp-201901/staff/oriol-escolar/home-swapp/home-swapp-api/src/cors/index.spec.js","statementMap":{},"fnMap":{},"branchMap":{},"s":{},"f":{},"b":{},"_coverageSchema":"43e27e138ebf9cfc5966b082cf9a028302ed4184","hash":"6fa56ac5542a5265e5f3aff53aa992cb1db6b857","contentHash":"7372dfd5f64bd290dbaaf73da16493cd8f6e73338e6c7c7022a4b13260d26948"}}